{"/Users/yihang/LearnQuest/server/src/app.js": {"path":"/Users/yihang/LearnQuest/server/src/app.js","statementMap":{"0":{"start":{"line":1,"column":16},"end":{"line":1,"column":34}},"1":{"start":{"line":2,"column":13},"end":{"line":2,"column":28}},"2":{"start":{"line":4,"column":21},"end":{"line":4,"column":47}},"3":{"start":{"line":5,"column":22},"end":{"line":5,"column":50}},"4":{"start":{"line":6,"column":21},"end":{"line":6,"column":48}},"5":{"start":{"line":7,"column":18},"end":{"line":7,"column":42}},"6":{"start":{"line":8,"column":26},"end":{"line":8,"column":58}},"7":{"start":{"line":9,"column":21},"end":{"line":9,"column":48}},"8":{"start":{"line":10,"column":25},"end":{"line":10,"column":56}},"9":{"start":{"line":11,"column":19},"end":{"line":11,"column":44}},"10":{"start":{"line":12,"column":18},"end":{"line":12,"column":47}},"11":{"start":{"line":14,"column":12},"end":{"line":14,"column":21}},"12":{"start":{"line":16,"column":0},"end":{"line":16,"column":16}},"13":{"start":{"line":17,"column":0},"end":{"line":17,"column":24}},"14":{"start":{"line":19,"column":0},"end":{"line":19,"column":37}},"15":{"start":{"line":20,"column":0},"end":{"line":20,"column":40}},"16":{"start":{"line":21,"column":0},"end":{"line":21,"column":38}},"17":{"start":{"line":22,"column":0},"end":{"line":22,"column":32}},"18":{"start":{"line":23,"column":0},"end":{"line":23,"column":48}},"19":{"start":{"line":24,"column":0},"end":{"line":24,"column":38}},"20":{"start":{"line":25,"column":0},"end":{"line":25,"column":46}},"21":{"start":{"line":26,"column":0},"end":{"line":26,"column":28}},"22":{"start":{"line":28,"column":0},"end":{"line":31,"column":3}},"23":{"start":{"line":29,"column":2},"end":{"line":29,"column":27}},"24":{"start":{"line":30,"column":2},"end":{"line":30,"column":71}},"25":{"start":{"line":33,"column":0},"end":{"line":33,"column":21}}},"fnMap":{"0":{"name":"(anonymous_0)","decl":{"start":{"line":28,"column":8},"end":{"line":28,"column":9}},"loc":{"start":{"line":28,"column":35},"end":{"line":31,"column":1}},"line":28}},"branchMap":{},"s":{"0":8,"1":8,"2":8,"3":8,"4":8,"5":8,"6":8,"7":8,"8":8,"9":8,"10":8,"11":8,"12":8,"13":8,"14":8,"15":8,"16":8,"17":8,"18":8,"19":8,"20":8,"21":8,"22":8,"23":0,"24":0,"25":8},"f":{"0":0},"b":{},"_coverageSchema":"1a1c01bbd47fc00a2c39e90264f33305004495a9","hash":"e9c2c19f93def595021dd2645edfeb35f8932730"}
,"/Users/yihang/LearnQuest/server/src/config/pets.js": {"path":"/Users/yihang/LearnQuest/server/src/config/pets.js","statementMap":{"0":{"start":{"line":1,"column":18},"end":{"line":27,"column":1}},"1":{"start":{"line":29,"column":18},"end":{"line":29,"column":19}},"2":{"start":{"line":30,"column":17},"end":{"line":30,"column":19}},"3":{"start":{"line":32,"column":25},"end":{"line":35,"column":1}},"4":{"start":{"line":37,"column":18},"end":{"line":37,"column":41}},"5":{"start":{"line":39,"column":23},"end":{"line":49,"column":1}},"6":{"start":{"line":40,"column":14},"end":{"line":40,"column":15}},"7":{"start":{"line":41,"column":2},"end":{"line":47,"column":3}},"8":{"start":{"line":41,"column":15},"end":{"line":41,"column":16}},"9":{"start":{"line":42,"column":4},"end":{"line":46,"column":5}},"10":{"start":{"line":43,"column":6},"end":{"line":43,"column":20}},"11":{"start":{"line":45,"column":6},"end":{"line":45,"column":12}},"12":{"start":{"line":48,"column":2},"end":{"line":48,"column":15}},"13":{"start":{"line":51,"column":26},"end":{"line":51,"column":27}},"14":{"start":{"line":53,"column":0},"end":{"line":53,"column":116}}},"fnMap":{"0":{"name":"(anonymous_0)","decl":{"start":{"line":39,"column":23},"end":{"line":39,"column":24}},"loc":{"start":{"line":39,"column":32},"end":{"line":49,"column":1}},"line":39}},"branchMap":{"0":{"loc":{"start":{"line":42,"column":4},"end":{"line":46,"column":5}},"type":"if","locations":[{"start":{"line":42,"column":4},"end":{"line":46,"column":5}},{"start":{"line":44,"column":11},"end":{"line":46,"column":5}}],"line":42}},"s":{"0":8,"1":8,"2":8,"3":8,"4":8,"5":8,"6":1,"7":1,"8":1,"9":1,"10":0,"11":1,"12":1,"13":8,"14":8},"f":{"0":1},"b":{"0":[0,1]},"_coverageSchema":"1a1c01bbd47fc00a2c39e90264f33305004495a9","hash":"8b972b1b6ecbedf06d14f0f1562074c53a4153ea"}
,"/Users/yihang/LearnQuest/server/src/helpers/response.js": {"path":"/Users/yihang/LearnQuest/server/src/helpers/response.js","statementMap":{"0":{"start":{"line":1,"column":16},"end":{"line":5,"column":2}},"1":{"start":{"line":1,"column":27},"end":{"line":5,"column":1}},"2":{"start":{"line":7,"column":14},"end":{"line":11,"column":2}},"3":{"start":{"line":7,"column":34},"end":{"line":11,"column":1}},"4":{"start":{"line":13,"column":0},"end":{"line":13,"column":36}}},"fnMap":{"0":{"name":"(anonymous_0)","decl":{"start":{"line":1,"column":16},"end":{"line":1,"column":17}},"loc":{"start":{"line":1,"column":27},"end":{"line":5,"column":1}},"line":1},"1":{"name":"(anonymous_1)","decl":{"start":{"line":7,"column":14},"end":{"line":7,"column":15}},"loc":{"start":{"line":7,"column":34},"end":{"line":11,"column":1}},"line":7}},"branchMap":{},"s":{"0":8,"1":182,"2":8,"3":10,"4":8},"f":{"0":182,"1":10},"b":{},"_coverageSchema":"1a1c01bbd47fc00a2c39e90264f33305004495a9","hash":"1f8aa3937dbba3f2053ce9ab164eb6f422dc5f3a"}
,"/Users/yihang/LearnQuest/server/src/middleware/auth.js": {"path":"/Users/yihang/LearnQuest/server/src/middleware/auth.js","statementMap":{"0":{"start":{"line":1,"column":12},"end":{"line":1,"column":35}},"1":{"start":{"line":2,"column":18},"end":{"line":2,"column":48}},"2":{"start":{"line":4,"column":19},"end":{"line":4,"column":58}},"3":{"start":{"line":6,"column":13},"end":{"line":21,"column":1}},"4":{"start":{"line":7,"column":17},"end":{"line":7,"column":42}},"5":{"start":{"line":8,"column":2},"end":{"line":10,"column":3}},"6":{"start":{"line":9,"column":4},"end":{"line":9,"column":78}},"7":{"start":{"line":12,"column":2},"end":{"line":20,"column":3}},"8":{"start":{"line":13,"column":18},"end":{"line":13,"column":38}},"9":{"start":{"line":14,"column":20},"end":{"line":14,"column":49}},"10":{"start":{"line":15,"column":4},"end":{"line":15,"column":36}},"11":{"start":{"line":16,"column":4},"end":{"line":16,"column":45}},"12":{"start":{"line":17,"column":4},"end":{"line":17,"column":11}},"13":{"start":{"line":19,"column":4},"end":{"line":19,"column":84}},"14":{"start":{"line":23,"column":0},"end":{"line":23,"column":22}}},"fnMap":{"0":{"name":"(anonymous_0)","decl":{"start":{"line":6,"column":13},"end":{"line":6,"column":14}},"loc":{"start":{"line":6,"column":33},"end":{"line":21,"column":1}},"line":6}},"branchMap":{"0":{"loc":{"start":{"line":4,"column":19},"end":{"line":4,"column":58}},"type":"binary-expr","locations":[{"start":{"line":4,"column":19},"end":{"line":4,"column":41}},{"start":{"line":4,"column":45},"end":{"line":4,"column":58}}],"line":4},"1":{"loc":{"start":{"line":8,"column":2},"end":{"line":10,"column":3}},"type":"if","locations":[{"start":{"line":8,"column":2},"end":{"line":10,"column":3}},{"start":{},"end":{}}],"line":8},"2":{"loc":{"start":{"line":8,"column":6},"end":{"line":8,"column":46}},"type":"binary-expr","locations":[{"start":{"line":8,"column":6},"end":{"line":8,"column":13}},{"start":{"line":8,"column":17},"end":{"line":8,"column":46}}],"line":8},"3":{"loc":{"start":{"line":16,"column":19},"end":{"line":16,"column":44}},"type":"binary-expr","locations":[{"start":{"line":16,"column":19},"end":{"line":16,"column":35}},{"start":{"line":16,"column":39},"end":{"line":16,"column":44}}],"line":16}},"s":{"0":8,"1":8,"2":8,"3":8,"4":120,"5":120,"6":0,"7":120,"8":120,"9":120,"10":120,"11":120,"12":120,"13":0,"14":8},"f":{"0":120},"b":{"0":[8,8],"1":[0,120],"2":[120,120],"3":[120,79]},"_coverageSchema":"1a1c01bbd47fc00a2c39e90264f33305004495a9","hash":"8ecd725978dca663bae816191ee43d4572551c69"}
,"/Users/yihang/LearnQuest/server/src/middleware/parent.js": {"path":"/Users/yihang/LearnQuest/server/src/middleware/parent.js","statementMap":{"0":{"start":{"line":1,"column":18},"end":{"line":1,"column":48}},"1":{"start":{"line":3,"column":15},"end":{"line":8,"column":1}},"2":{"start":{"line":4,"column":2},"end":{"line":6,"column":3}},"3":{"start":{"line":5,"column":4},"end":{"line":5,"column":83}},"4":{"start":{"line":7,"column":2},"end":{"line":7,"column":9}},"5":{"start":{"line":10,"column":0},"end":{"line":10,"column":24}}},"fnMap":{"0":{"name":"(anonymous_0)","decl":{"start":{"line":3,"column":15},"end":{"line":3,"column":16}},"loc":{"start":{"line":3,"column":35},"end":{"line":8,"column":1}},"line":3}},"branchMap":{"0":{"loc":{"start":{"line":4,"column":2},"end":{"line":6,"column":3}},"type":"if","locations":[{"start":{"line":4,"column":2},"end":{"line":6,"column":3}},{"start":{},"end":{}}],"line":4}},"s":{"0":8,"1":8,"2":43,"3":3,"4":40,"5":8},"f":{"0":43},"b":{"0":[3,40]},"_coverageSchema":"1a1c01bbd47fc00a2c39e90264f33305004495a9","hash":"30c44cfc589a5aa424c1ac88f9df0df3f7872722"}
,"/Users/yihang/LearnQuest/server/src/models/Achievement.js": {"path":"/Users/yihang/LearnQuest/server/src/models/Achievement.js","statementMap":{"0":{"start":{"line":1,"column":17},"end":{"line":1,"column":36}},"1":{"start":{"line":3,"column":26},"end":{"line":23,"column":2}},"2":{"start":{"line":25,"column":0},"end":{"line":25,"column":66}}},"fnMap":{},"branchMap":{},"s":{"0":8,"1":8,"2":8},"f":{},"b":{},"_coverageSchema":"1a1c01bbd47fc00a2c39e90264f33305004495a9","hash":"703197f9794f0af032eae5ec1c9cbd2aa60ae5f4"}
,"/Users/yihang/LearnQuest/server/src/models/Family.js": {"path":"/Users/yihang/LearnQuest/server/src/models/Family.js","statementMap":{"0":{"start":{"line":1,"column":17},"end":{"line":1,"column":36}},"1":{"start":{"line":2,"column":15},"end":{"line":2,"column":34}},"2":{"start":{"line":3,"column":15},"end":{"line":3,"column":32}},"3":{"start":{"line":5,"column":21},"end":{"line":29,"column":2}},"4":{"start":{"line":10,"column":19},"end":{"line":10,"column":70}},"5":{"start":{"line":31,"column":0},"end":{"line":35,"column":3}},"6":{"start":{"line":32,"column":2},"end":{"line":34,"column":3}},"7":{"start":{"line":33,"column":4},"end":{"line":33,"column":47}},"8":{"start":{"line":37,"column":0},"end":{"line":39,"column":2}},"9":{"start":{"line":38,"column":2},"end":{"line":38,"column":48}},"10":{"start":{"line":41,"column":0},"end":{"line":41,"column":56}}},"fnMap":{"0":{"name":"(anonymous_0)","decl":{"start":{"line":10,"column":13},"end":{"line":10,"column":14}},"loc":{"start":{"line":10,"column":19},"end":{"line":10,"column":70}},"line":10},"1":{"name":"(anonymous_1)","decl":{"start":{"line":31,"column":25},"end":{"line":31,"column":26}},"loc":{"start":{"line":31,"column":43},"end":{"line":35,"column":1}},"line":31},"2":{"name":"(anonymous_2)","decl":{"start":{"line":37,"column":34},"end":{"line":37,"column":35}},"loc":{"start":{"line":37,"column":58},"end":{"line":39,"column":1}},"line":37}},"branchMap":{"0":{"loc":{"start":{"line":32,"column":2},"end":{"line":34,"column":3}},"type":"if","locations":[{"start":{"line":32,"column":2},"end":{"line":34,"column":3}},{"start":{},"end":{}}],"line":32}},"s":{"0":8,"1":8,"2":8,"3":8,"4":35,"5":8,"6":35,"7":35,"8":8,"9":33,"10":8},"f":{"0":35,"1":35,"2":33},"b":{"0":[35,0]},"_coverageSchema":"1a1c01bbd47fc00a2c39e90264f33305004495a9","hash":"c0d43bc5d3b6cb11b53264894f1c9ab91cf8d653"}
,"/Users/yihang/LearnQuest/server/src/models/FamilyAchievement.js": {"path":"/Users/yihang/LearnQuest/server/src/models/FamilyAchievement.js","statementMap":{"0":{"start":{"line":1,"column":17},"end":{"line":1,"column":36}},"1":{"start":{"line":3,"column":32},"end":{"line":17,"column":2}},"2":{"start":{"line":19,"column":0},"end":{"line":19,"column":83}},"3":{"start":{"line":21,"column":0},"end":{"line":21,"column":78}}},"fnMap":{},"branchMap":{},"s":{"0":8,"1":8,"2":8,"3":8},"f":{},"b":{},"_coverageSchema":"1a1c01bbd47fc00a2c39e90264f33305004495a9","hash":"e317921b2e341c462f046392bb235e34bc9b177b"}
,"/Users/yihang/LearnQuest/server/src/models/Pet.js": {"path":"/Users/yihang/LearnQuest/server/src/models/Pet.js","statementMap":{"0":{"start":{"line":1,"column":17},"end":{"line":1,"column":36}},"1":{"start":{"line":3,"column":18},"end":{"line":18,"column":2}},"2":{"start":{"line":20,"column":0},"end":{"line":20,"column":50}}},"fnMap":{},"branchMap":{},"s":{"0":8,"1":8,"2":8},"f":{},"b":{},"_coverageSchema":"1a1c01bbd47fc00a2c39e90264f33305004495a9","hash":"4523797ff7534fa355e91afd34d1b4774eb452e2"}
,"/Users/yihang/LearnQuest/server/src/models/Record.js": {"path":"/Users/yihang/LearnQuest/server/src/models/Record.js","statementMap":{"0":{"start":{"line":1,"column":17},"end":{"line":1,"column":36}},"1":{"start":{"line":3,"column":21},"end":{"line":36,"column":2}},"2":{"start":{"line":38,"column":0},"end":{"line":38,"column":45}},"3":{"start":{"line":40,"column":0},"end":{"line":40,"column":56}}},"fnMap":{},"branchMap":{},"s":{"0":8,"1":8,"2":8,"3":8},"f":{},"b":{},"_coverageSchema":"1a1c01bbd47fc00a2c39e90264f33305004495a9","hash":"0ba185838fb552341c901928e783c1e9ede4665d"}
,"/Users/yihang/LearnQuest/server/src/models/Redemption.js": {"path":"/Users/yihang/LearnQuest/server/src/models/Redemption.js","statementMap":{"0":{"start":{"line":1,"column":17},"end":{"line":1,"column":36}},"1":{"start":{"line":3,"column":25},"end":{"line":24,"column":2}},"2":{"start":{"line":26,"column":0},"end":{"line":26,"column":64}}},"fnMap":{},"branchMap":{},"s":{"0":8,"1":8,"2":8},"f":{},"b":{},"_coverageSchema":"1a1c01bbd47fc00a2c39e90264f33305004495a9","hash":"c62a9dcb39dd6c5f6e571292593a634940de8a2f"}
,"/Users/yihang/LearnQuest/server/src/models/Reward.js": {"path":"/Users/yihang/LearnQuest/server/src/models/Reward.js","statementMap":{"0":{"start":{"line":1,"column":17},"end":{"line":1,"column":36}},"1":{"start":{"line":3,"column":21},"end":{"line":15,"column":2}},"2":{"start":{"line":17,"column":0},"end":{"line":17,"column":56}}},"fnMap":{},"branchMap":{},"s":{"0":8,"1":8,"2":8},"f":{},"b":{},"_coverageSchema":"1a1c01bbd47fc00a2c39e90264f33305004495a9","hash":"ea33c6e4ad994fe583ea16d4705ce8558c9b3c92"}
,"/Users/yihang/LearnQuest/server/src/models/StarTransaction.js": {"path":"/Users/yihang/LearnQuest/server/src/models/StarTransaction.js","statementMap":{"0":{"start":{"line":1,"column":17},"end":{"line":1,"column":36}},"1":{"start":{"line":3,"column":30},"end":{"line":30,"column":2}},"2":{"start":{"line":32,"column":0},"end":{"line":32,"column":74}}},"fnMap":{},"branchMap":{},"s":{"0":8,"1":8,"2":8},"f":{},"b":{},"_coverageSchema":"1a1c01bbd47fc00a2c39e90264f33305004495a9","hash":"715a1550058d19fec161c21350e2ff65ac5c6ef0"}
,"/Users/yihang/LearnQuest/server/src/models/Subject.js": {"path":"/Users/yihang/LearnQuest/server/src/models/Subject.js","statementMap":{"0":{"start":{"line":1,"column":17},"end":{"line":1,"column":36}},"1":{"start":{"line":3,"column":27},"end":{"line":6,"column":2}},"2":{"start":{"line":8,"column":22},"end":{"line":32,"column":2}},"3":{"start":{"line":34,"column":0},"end":{"line":34,"column":37}},"4":{"start":{"line":36,"column":0},"end":{"line":36,"column":58}}},"fnMap":{},"branchMap":{},"s":{"0":8,"1":8,"2":8,"3":8,"4":8},"f":{},"b":{},"_coverageSchema":"1a1c01bbd47fc00a2c39e90264f33305004495a9","hash":"e6f90ba64282ccab912bcac1dadb090e6f7ef99b"}
,"/Users/yihang/LearnQuest/server/src/routes/achievements.js": {"path":"/Users/yihang/LearnQuest/server/src/routes/achievements.js","statementMap":{"0":{"start":{"line":1,"column":15},"end":{"line":1,"column":42}},"1":{"start":{"line":2,"column":13},"end":{"line":2,"column":42}},"2":{"start":{"line":3,"column":40},"end":{"line":3,"column":81}},"3":{"start":{"line":4,"column":27},"end":{"line":4,"column":57}},"4":{"start":{"line":6,"column":0},"end":{"line":13,"column":3}},"5":{"start":{"line":7,"column":2},"end":{"line":12,"column":3}},"6":{"start":{"line":8,"column":25},"end":{"line":8,"column":72}},"7":{"start":{"line":9,"column":4},"end":{"line":9,"column":36}},"8":{"start":{"line":11,"column":4},"end":{"line":11,"column":80}},"9":{"start":{"line":15,"column":0},"end":{"line":15,"column":24}}},"fnMap":{"0":{"name":"(anonymous_0)","decl":{"start":{"line":6,"column":22},"end":{"line":6,"column":23}},"loc":{"start":{"line":6,"column":42},"end":{"line":13,"column":1}},"line":6}},"branchMap":{},"s":{"0":8,"1":8,"2":8,"3":8,"4":8,"5":3,"6":3,"7":3,"8":0,"9":8},"f":{"0":3},"b":{},"_coverageSchema":"1a1c01bbd47fc00a2c39e90264f33305004495a9","hash":"6bbedb40a49c5c97aa33f3ed5bb09b65a4ac4bd8"}
,"/Users/yihang/LearnQuest/server/src/routes/family.js": {"path":"/Users/yihang/LearnQuest/server/src/routes/family.js","statementMap":{"0":{"start":{"line":1,"column":15},"end":{"line":1,"column":42}},"1":{"start":{"line":2,"column":12},"end":{"line":2,"column":35}},"2":{"start":{"line":3,"column":15},"end":{"line":3,"column":42}},"3":{"start":{"line":4,"column":13},"end":{"line":4,"column":42}},"4":{"start":{"line":5,"column":27},"end":{"line":5,"column":57}},"5":{"start":{"line":7,"column":19},"end":{"line":7,"column":58}},"6":{"start":{"line":9,"column":0},"end":{"line":30,"column":3}},"7":{"start":{"line":10,"column":2},"end":{"line":29,"column":3}},"8":{"start":{"line":11,"column":26},"end":{"line":11,"column":34}},"9":{"start":{"line":13,"column":4},"end":{"line":15,"column":5}},"10":{"start":{"line":14,"column":6},"end":{"line":14,"column":85}},"11":{"start":{"line":16,"column":4},"end":{"line":18,"column":5}},"12":{"start":{"line":17,"column":6},"end":{"line":17,"column":88}},"13":{"start":{"line":20,"column":19},"end":{"line":20,"column":57}},"14":{"start":{"line":21,"column":4},"end":{"line":21,"column":24}},"15":{"start":{"line":23,"column":4},"end":{"line":26,"column":8}},"16":{"start":{"line":28,"column":4},"end":{"line":28,"column":71}},"17":{"start":{"line":32,"column":0},"end":{"line":55,"column":3}},"18":{"start":{"line":33,"column":2},"end":{"line":54,"column":3}},"19":{"start":{"line":34,"column":25},"end":{"line":34,"column":33}},"20":{"start":{"line":36,"column":4},"end":{"line":38,"column":5}},"21":{"start":{"line":37,"column":6},"end":{"line":37,"column":83}},"22":{"start":{"line":40,"column":19},"end":{"line":40,"column":53}},"23":{"start":{"line":41,"column":4},"end":{"line":43,"column":5}},"24":{"start":{"line":42,"column":6},"end":{"line":42,"column":74}},"25":{"start":{"line":45,"column":18},"end":{"line":49,"column":5}},"26":{"start":{"line":51,"column":4},"end":{"line":51,"column":95}},"27":{"start":{"line":53,"column":4},"end":{"line":53,"column":64}},"28":{"start":{"line":57,"column":0},"end":{"line":85,"column":3}},"29":{"start":{"line":58,"column":2},"end":{"line":84,"column":3}},"30":{"start":{"line":59,"column":20},"end":{"line":59,"column":28}},"31":{"start":{"line":61,"column":4},"end":{"line":63,"column":5}},"32":{"start":{"line":62,"column":6},"end":{"line":62,"column":77}},"33":{"start":{"line":65,"column":19},"end":{"line":65,"column":54}},"34":{"start":{"line":66,"column":4},"end":{"line":68,"column":5}},"35":{"start":{"line":67,"column":6},"end":{"line":67,"column":74}},"36":{"start":{"line":70,"column":20},"end":{"line":70,"column":48}},"37":{"start":{"line":71,"column":4},"end":{"line":73,"column":5}},"38":{"start":{"line":72,"column":6},"end":{"line":72,"column":71}},"39":{"start":{"line":75,"column":18},"end":{"line":79,"column":5}},"40":{"start":{"line":81,"column":4},"end":{"line":81,"column":33}},"41":{"start":{"line":83,"column":4},"end":{"line":83,"column":75}},"42":{"start":{"line":87,"column":0},"end":{"line":87,"column":24}}},"fnMap":{"0":{"name":"(anonymous_0)","decl":{"start":{"line":9,"column":25},"end":{"line":9,"column":26}},"loc":{"start":{"line":9,"column":45},"end":{"line":30,"column":1}},"line":9},"1":{"name":"(anonymous_1)","decl":{"start":{"line":32,"column":22},"end":{"line":32,"column":23}},"loc":{"start":{"line":32,"column":42},"end":{"line":55,"column":1}},"line":32},"2":{"name":"(anonymous_2)","decl":{"start":{"line":57,"column":33},"end":{"line":57,"column":34}},"loc":{"start":{"line":57,"column":53},"end":{"line":85,"column":1}},"line":57}},"branchMap":{"0":{"loc":{"start":{"line":7,"column":19},"end":{"line":7,"column":58}},"type":"binary-expr","locations":[{"start":{"line":7,"column":19},"end":{"line":7,"column":41}},{"start":{"line":7,"column":45},"end":{"line":7,"column":58}}],"line":7},"1":{"loc":{"start":{"line":13,"column":4},"end":{"line":15,"column":5}},"type":"if","locations":[{"start":{"line":13,"column":4},"end":{"line":15,"column":5}},{"start":{},"end":{}}],"line":13},"2":{"loc":{"start":{"line":13,"column":8},"end":{"line":13,"column":29}},"type":"binary-expr","locations":[{"start":{"line":13,"column":8},"end":{"line":13,"column":13}},{"start":{"line":13,"column":17},"end":{"line":13,"column":29}}],"line":13},"3":{"loc":{"start":{"line":16,"column":4},"end":{"line":18,"column":5}},"type":"if","locations":[{"start":{"line":16,"column":4},"end":{"line":18,"column":5}},{"start":{},"end":{}}],"line":16},"4":{"loc":{"start":{"line":16,"column":8},"end":{"line":16,"column":36}},"type":"binary-expr","locations":[{"start":{"line":16,"column":8},"end":{"line":16,"column":12}},{"start":{"line":16,"column":16},"end":{"line":16,"column":36}}],"line":16},"5":{"loc":{"start":{"line":36,"column":4},"end":{"line":38,"column":5}},"type":"if","locations":[{"start":{"line":36,"column":4},"end":{"line":38,"column":5}},{"start":{},"end":{}}],"line":36},"6":{"loc":{"start":{"line":41,"column":4},"end":{"line":43,"column":5}},"type":"if","locations":[{"start":{"line":41,"column":4},"end":{"line":43,"column":5}},{"start":{},"end":{}}],"line":41},"7":{"loc":{"start":{"line":61,"column":4},"end":{"line":63,"column":5}},"type":"if","locations":[{"start":{"line":61,"column":4},"end":{"line":63,"column":5}},{"start":{},"end":{}}],"line":61},"8":{"loc":{"start":{"line":66,"column":4},"end":{"line":68,"column":5}},"type":"if","locations":[{"start":{"line":66,"column":4},"end":{"line":68,"column":5}},{"start":{},"end":{}}],"line":66},"9":{"loc":{"start":{"line":71,"column":4},"end":{"line":73,"column":5}},"type":"if","locations":[{"start":{"line":71,"column":4},"end":{"line":73,"column":5}},{"start":{},"end":{}}],"line":71}},"s":{"0":8,"1":8,"2":8,"3":8,"4":8,"5":8,"6":8,"7":37,"8":37,"9":37,"10":1,"11":36,"12":1,"13":35,"14":35,"15":35,"16":0,"17":8,"18":35,"19":35,"20":35,"21":0,"22":35,"23":35,"24":1,"25":34,"26":34,"27":0,"28":8,"29":33,"30":33,"31":33,"32":0,"33":33,"34":33,"35":0,"36":33,"37":33,"38":1,"39":32,"40":32,"41":0,"42":8},"f":{"0":37,"1":35,"2":33},"b":{"0":[8,8],"1":[1,36],"2":[37,36],"3":[1,35],"4":[36,36],"5":[0,35],"6":[1,34],"7":[0,33],"8":[0,33],"9":[1,32]},"_coverageSchema":"1a1c01bbd47fc00a2c39e90264f33305004495a9","hash":"e1bad9dde277cdc218662d2ea0e9ed52814e0cd3"}
,"/Users/yihang/LearnQuest/server/src/routes/pets.js": {"path":"/Users/yihang/LearnQuest/server/src/routes/pets.js","statementMap":{"0":{"start":{"line":1,"column":15},"end":{"line":1,"column":42}},"1":{"start":{"line":2,"column":17},"end":{"line":2,"column":36}},"2":{"start":{"line":3,"column":12},"end":{"line":3,"column":36}},"3":{"start":{"line":4,"column":15},"end":{"line":4,"column":42}},"4":{"start":{"line":5,"column":13},"end":{"line":5,"column":42}},"5":{"start":{"line":6,"column":33},"end":{"line":6,"column":58}},"6":{"start":{"line":7,"column":33},"end":{"line":7,"column":66}},"7":{"start":{"line":8,"column":43},"end":{"line":8,"column":77}},"8":{"start":{"line":9,"column":27},"end":{"line":9,"column":57}},"9":{"start":{"line":11,"column":0},"end":{"line":27,"column":3}},"10":{"start":{"line":12,"column":2},"end":{"line":26,"column":3}},"11":{"start":{"line":13,"column":4},"end":{"line":13,"column":36}},"12":{"start":{"line":14,"column":18},"end":{"line":14,"column":60}},"13":{"start":{"line":15,"column":23},"end":{"line":15,"column":47}},"14":{"start":{"line":15,"column":40},"end":{"line":15,"column":46}},"15":{"start":{"line":17,"column":22},"end":{"line":21,"column":7}},"16":{"start":{"line":17,"column":73},"end":{"line":21,"column":5}},"17":{"start":{"line":23,"column":4},"end":{"line":23,"column":44}},"18":{"start":{"line":25,"column":4},"end":{"line":25,"column":72}},"19":{"start":{"line":29,"column":0},"end":{"line":61,"column":3}},"20":{"start":{"line":30,"column":2},"end":{"line":60,"column":3}},"21":{"start":{"line":31,"column":27},"end":{"line":31,"column":35}},"22":{"start":{"line":33,"column":19},"end":{"line":33,"column":54}},"23":{"start":{"line":34,"column":4},"end":{"line":36,"column":5}},"24":{"start":{"line":35,"column":6},"end":{"line":35,"column":89}},"25":{"start":{"line":38,"column":22},"end":{"line":38,"column":37}},"26":{"start":{"line":39,"column":4},"end":{"line":41,"column":5}},"27":{"start":{"line":40,"column":6},"end":{"line":40,"column":84}},"28":{"start":{"line":43,"column":4},"end":{"line":45,"column":5}},"29":{"start":{"line":44,"column":6},"end":{"line":44,"column":82}},"30":{"start":{"line":47,"column":16},"end":{"line":52,"column":6}},"31":{"start":{"line":53,"column":4},"end":{"line":53,"column":21}},"32":{"start":{"line":55,"column":4},"end":{"line":55,"column":87}},"33":{"start":{"line":57,"column":4},"end":{"line":57,"column":39}},"34":{"start":{"line":59,"column":4},"end":{"line":59,"column":72}},"35":{"start":{"line":63,"column":0},"end":{"line":90,"column":3}},"36":{"start":{"line":64,"column":2},"end":{"line":89,"column":3}},"37":{"start":{"line":65,"column":16},"end":{"line":65,"column":81}},"38":{"start":{"line":66,"column":4},"end":{"line":68,"column":5}},"39":{"start":{"line":67,"column":6},"end":{"line":67,"column":71}},"40":{"start":{"line":70,"column":24},"end":{"line":70,"column":65}},"41":{"start":{"line":71,"column":19},"end":{"line":71,"column":63}},"42":{"start":{"line":72,"column":4},"end":{"line":74,"column":5}},"43":{"start":{"line":73,"column":6},"end":{"line":73,"column":95}},"44":{"start":{"line":76,"column":4},"end":{"line":82,"column":7}},"45":{"start":{"line":84,"column":19},"end":{"line":84,"column":37}},"46":{"start":{"line":86,"column":4},"end":{"line":86,"column":30}},"47":{"start":{"line":88,"column":4},"end":{"line":88,"column":70}},"48":{"start":{"line":92,"column":0},"end":{"line":138,"column":3}},"49":{"start":{"line":93,"column":2},"end":{"line":137,"column":3}},"50":{"start":{"line":94,"column":27},"end":{"line":94,"column":35}},"51":{"start":{"line":96,"column":22},"end":{"line":96,"column":37}},"52":{"start":{"line":97,"column":4},"end":{"line":99,"column":5}},"53":{"start":{"line":98,"column":6},"end":{"line":98,"column":76}},"54":{"start":{"line":101,"column":21},"end":{"line":101,"column":72}},"55":{"start":{"line":102,"column":4},"end":{"line":104,"column":5}},"56":{"start":{"line":103,"column":6},"end":{"line":103,"column":79}},"57":{"start":{"line":106,"column":4},"end":{"line":108,"column":5}},"58":{"start":{"line":107,"column":6},"end":{"line":107,"column":82}},"59":{"start":{"line":110,"column":4},"end":{"line":124,"column":5}},"60":{"start":{"line":111,"column":26},"end":{"line":111,"column":67}},"61":{"start":{"line":112,"column":21},"end":{"line":112,"column":76}},"62":{"start":{"line":113,"column":6},"end":{"line":115,"column":7}},"63":{"start":{"line":114,"column":8},"end":{"line":114,"column":99}},"64":{"start":{"line":117,"column":6},"end":{"line":123,"column":9}},"65":{"start":{"line":126,"column":16},"end":{"line":131,"column":6}},"66":{"start":{"line":132,"column":4},"end":{"line":132,"column":21}},"67":{"start":{"line":134,"column":4},"end":{"line":134,"column":39}},"68":{"start":{"line":136,"column":4},"end":{"line":136,"column":72}},"69":{"start":{"line":140,"column":0},"end":{"line":158,"column":3}},"70":{"start":{"line":141,"column":2},"end":{"line":157,"column":3}},"71":{"start":{"line":142,"column":16},"end":{"line":142,"column":81}},"72":{"start":{"line":143,"column":4},"end":{"line":145,"column":5}},"73":{"start":{"line":144,"column":6},"end":{"line":144,"column":71}},"74":{"start":{"line":147,"column":4},"end":{"line":147,"column":84}},"75":{"start":{"line":148,"column":20},"end":{"line":152,"column":5}},"76":{"start":{"line":154,"column":4},"end":{"line":154,"column":31}},"77":{"start":{"line":156,"column":4},"end":{"line":156,"column":72}},"78":{"start":{"line":160,"column":0},"end":{"line":160,"column":24}}},"fnMap":{"0":{"name":"(anonymous_0)","decl":{"start":{"line":11,"column":22},"end":{"line":11,"column":23}},"loc":{"start":{"line":11,"column":42},"end":{"line":27,"column":1}},"line":11},"1":{"name":"(anonymous_1)","decl":{"start":{"line":15,"column":33},"end":{"line":15,"column":34}},"loc":{"start":{"line":15,"column":40},"end":{"line":15,"column":46}},"line":15},"2":{"name":"(anonymous_2)","decl":{"start":{"line":17,"column":52},"end":{"line":17,"column":53}},"loc":{"start":{"line":17,"column":73},"end":{"line":21,"column":5}},"line":17},"3":{"name":"(anonymous_3)","decl":{"start":{"line":29,"column":29},"end":{"line":29,"column":30}},"loc":{"start":{"line":29,"column":49},"end":{"line":61,"column":1}},"line":29},"4":{"name":"(anonymous_4)","decl":{"start":{"line":63,"column":31},"end":{"line":63,"column":32}},"loc":{"start":{"line":63,"column":51},"end":{"line":90,"column":1}},"line":63},"5":{"name":"(anonymous_5)","decl":{"start":{"line":92,"column":29},"end":{"line":92,"column":30}},"loc":{"start":{"line":92,"column":49},"end":{"line":138,"column":1}},"line":92},"6":{"name":"(anonymous_6)","decl":{"start":{"line":140,"column":32},"end":{"line":140,"column":33}},"loc":{"start":{"line":140,"column":52},"end":{"line":158,"column":1}},"line":140}},"branchMap":{"0":{"loc":{"start":{"line":34,"column":4},"end":{"line":36,"column":5}},"type":"if","locations":[{"start":{"line":34,"column":4},"end":{"line":36,"column":5}},{"start":{},"end":{}}],"line":34},"1":{"loc":{"start":{"line":39,"column":4},"end":{"line":41,"column":5}},"type":"if","locations":[{"start":{"line":39,"column":4},"end":{"line":41,"column":5}},{"start":{},"end":{}}],"line":39},"2":{"loc":{"start":{"line":39,"column":8},"end":{"line":39,"column":46}},"type":"binary-expr","locations":[{"start":{"line":39,"column":8},"end":{"line":39,"column":18}},{"start":{"line":39,"column":22},"end":{"line":39,"column":46}}],"line":39},"3":{"loc":{"start":{"line":43,"column":4},"end":{"line":45,"column":5}},"type":"if","locations":[{"start":{"line":43,"column":4},"end":{"line":45,"column":5}},{"start":{},"end":{}}],"line":43},"4":{"loc":{"start":{"line":43,"column":8},"end":{"line":43,"column":29}},"type":"binary-expr","locations":[{"start":{"line":43,"column":8},"end":{"line":43,"column":13}},{"start":{"line":43,"column":17},"end":{"line":43,"column":29}}],"line":43},"5":{"loc":{"start":{"line":66,"column":4},"end":{"line":68,"column":5}},"type":"if","locations":[{"start":{"line":66,"column":4},"end":{"line":68,"column":5}},{"start":{},"end":{}}],"line":66},"6":{"loc":{"start":{"line":72,"column":4},"end":{"line":74,"column":5}},"type":"if","locations":[{"start":{"line":72,"column":4},"end":{"line":74,"column":5}},{"start":{},"end":{}}],"line":72},"7":{"loc":{"start":{"line":97,"column":4},"end":{"line":99,"column":5}},"type":"if","locations":[{"start":{"line":97,"column":4},"end":{"line":99,"column":5}},{"start":{},"end":{}}],"line":97},"8":{"loc":{"start":{"line":102,"column":4},"end":{"line":104,"column":5}},"type":"if","locations":[{"start":{"line":102,"column":4},"end":{"line":104,"column":5}},{"start":{},"end":{}}],"line":102},"9":{"loc":{"start":{"line":106,"column":4},"end":{"line":108,"column":5}},"type":"if","locations":[{"start":{"line":106,"column":4},"end":{"line":108,"column":5}},{"start":{},"end":{}}],"line":106},"10":{"loc":{"start":{"line":106,"column":8},"end":{"line":106,"column":29}},"type":"binary-expr","locations":[{"start":{"line":106,"column":8},"end":{"line":106,"column":13}},{"start":{"line":106,"column":17},"end":{"line":106,"column":29}}],"line":106},"11":{"loc":{"start":{"line":110,"column":4},"end":{"line":124,"column":5}},"type":"if","locations":[{"start":{"line":110,"column":4},"end":{"line":124,"column":5}},{"start":{},"end":{}}],"line":110},"12":{"loc":{"start":{"line":113,"column":6},"end":{"line":115,"column":7}},"type":"if","locations":[{"start":{"line":113,"column":6},"end":{"line":115,"column":7}},{"start":{},"end":{}}],"line":113},"13":{"loc":{"start":{"line":143,"column":4},"end":{"line":145,"column":5}},"type":"if","locations":[{"start":{"line":143,"column":4},"end":{"line":145,"column":5}},{"start":{},"end":{}}],"line":143}},"s":{"0":8,"1":8,"2":8,"3":8,"4":8,"5":8,"6":8,"7":8,"8":8,"9":8,"10":1,"11":1,"12":1,"13":1,"14":0,"15":1,"16":5,"17":1,"18":0,"19":8,"20":6,"21":6,"22":6,"23":6,"24":1,"25":5,"26":5,"27":0,"28":5,"29":0,"30":5,"31":5,"32":5,"33":5,"34":0,"35":8,"36":2,"37":2,"38":2,"39":0,"40":2,"41":2,"42":2,"43":1,"44":1,"45":1,"46":1,"47":0,"48":8,"49":1,"50":1,"51":1,"52":1,"53":0,"54":1,"55":1,"56":0,"57":1,"58":0,"59":1,"60":0,"61":0,"62":0,"63":0,"64":0,"65":1,"66":1,"67":1,"68":0,"69":8,"70":1,"71":1,"72":1,"73":0,"74":1,"75":1,"76":1,"77":0,"78":8},"f":{"0":1,"1":0,"2":5,"3":6,"4":2,"5":1,"6":1},"b":{"0":[1,5],"1":[0,5],"2":[5,5],"3":[0,5],"4":[5,5],"5":[0,2],"6":[1,1],"7":[0,1],"8":[0,1],"9":[0,1],"10":[1,1],"11":[0,1],"12":[0,0],"13":[0,1]},"_coverageSchema":"1a1c01bbd47fc00a2c39e90264f33305004495a9","hash":"680ca04a164da8c65628209ab999766533a14cd3"}
,"/Users/yihang/LearnQuest/server/src/routes/records.js": {"path":"/Users/yihang/LearnQuest/server/src/routes/records.js","statementMap":{"0":{"start":{"line":1,"column":15},"end":{"line":1,"column":42}},"1":{"start":{"line":2,"column":17},"end":{"line":2,"column":36}},"2":{"start":{"line":3,"column":15},"end":{"line":3,"column":42}},"3":{"start":{"line":4,"column":13},"end":{"line":4,"column":42}},"4":{"start":{"line":5,"column":15},"end":{"line":5,"column":46}},"5":{"start":{"line":6,"column":27},"end":{"line":6,"column":61}},"6":{"start":{"line":7,"column":30},"end":{"line":7,"column":71}},"7":{"start":{"line":8,"column":27},"end":{"line":8,"column":57}},"8":{"start":{"line":10,"column":0},"end":{"line":45,"column":3}},"9":{"start":{"line":11,"column":2},"end":{"line":44,"column":3}},"10":{"start":{"line":12,"column":56},"end":{"line":12,"column":64}},"11":{"start":{"line":14,"column":4},"end":{"line":16,"column":5}},"12":{"start":{"line":15,"column":6},"end":{"line":15,"column":106}},"13":{"start":{"line":17,"column":4},"end":{"line":19,"column":5}},"14":{"start":{"line":18,"column":6},"end":{"line":18,"column":87}},"15":{"start":{"line":21,"column":19},"end":{"line":28,"column":6}},"16":{"start":{"line":29,"column":4},"end":{"line":29,"column":24}},"17":{"start":{"line":31,"column":4},"end":{"line":37,"column":7}},"18":{"start":{"line":39,"column":28},"end":{"line":39,"column":65}},"19":{"start":{"line":41,"column":4},"end":{"line":41,"column":63}},"20":{"start":{"line":43,"column":4},"end":{"line":43,"column":75}},"21":{"start":{"line":47,"column":0},"end":{"line":67,"column":3}},"22":{"start":{"line":48,"column":2},"end":{"line":66,"column":3}},"23":{"start":{"line":49,"column":35},"end":{"line":49,"column":44}},"24":{"start":{"line":50,"column":18},"end":{"line":50,"column":44}},"25":{"start":{"line":52,"column":4},"end":{"line":60,"column":5}},"26":{"start":{"line":53,"column":6},"end":{"line":53,"column":22}},"27":{"start":{"line":54,"column":6},"end":{"line":54,"column":59}},"28":{"start":{"line":54,"column":21},"end":{"line":54,"column":59}},"29":{"start":{"line":55,"column":6},"end":{"line":59,"column":7}},"30":{"start":{"line":56,"column":20},"end":{"line":56,"column":37}},"31":{"start":{"line":57,"column":8},"end":{"line":57,"column":38}},"32":{"start":{"line":58,"column":8},"end":{"line":58,"column":30}},"33":{"start":{"line":62,"column":20},"end":{"line":62,"column":98}},"34":{"start":{"line":63,"column":4},"end":{"line":63,"column":31}},"35":{"start":{"line":65,"column":4},"end":{"line":65,"column":75}},"36":{"start":{"line":69,"column":0},"end":{"line":105,"column":3}},"37":{"start":{"line":70,"column":2},"end":{"line":104,"column":3}},"38":{"start":{"line":71,"column":22},"end":{"line":71,"column":31}},"39":{"start":{"line":72,"column":4},"end":{"line":74,"column":5}},"40":{"start":{"line":73,"column":6},"end":{"line":73,"column":96}},"41":{"start":{"line":76,"column":18},"end":{"line":76,"column":55}},"42":{"start":{"line":77,"column":16},"end":{"line":77,"column":31}},"43":{"start":{"line":78,"column":4},"end":{"line":78,"column":37}},"44":{"start":{"line":80,"column":20},"end":{"line":94,"column":6}},"45":{"start":{"line":96,"column":21},"end":{"line":96,"column":23}},"46":{"start":{"line":97,"column":4},"end":{"line":99,"column":5}},"47":{"start":{"line":98,"column":6},"end":{"line":98,"column":71}},"48":{"start":{"line":101,"column":4},"end":{"line":101,"column":32}},"49":{"start":{"line":103,"column":4},"end":{"line":103,"column":81}},"50":{"start":{"line":107,"column":0},"end":{"line":107,"column":24}}},"fnMap":{"0":{"name":"(anonymous_0)","decl":{"start":{"line":10,"column":31},"end":{"line":10,"column":32}},"loc":{"start":{"line":10,"column":51},"end":{"line":45,"column":1}},"line":10},"1":{"name":"(anonymous_1)","decl":{"start":{"line":47,"column":22},"end":{"line":47,"column":23}},"loc":{"start":{"line":47,"column":42},"end":{"line":67,"column":1}},"line":47},"2":{"name":"(anonymous_2)","decl":{"start":{"line":69,"column":30},"end":{"line":69,"column":31}},"loc":{"start":{"line":69,"column":50},"end":{"line":105,"column":1}},"line":69}},"branchMap":{"0":{"loc":{"start":{"line":14,"column":4},"end":{"line":16,"column":5}},"type":"if","locations":[{"start":{"line":14,"column":4},"end":{"line":16,"column":5}},{"start":{},"end":{}}],"line":14},"1":{"loc":{"start":{"line":14,"column":8},"end":{"line":14,"column":42}},"type":"binary-expr","locations":[{"start":{"line":14,"column":8},"end":{"line":14,"column":18}},{"start":{"line":14,"column":22},"end":{"line":14,"column":31}},{"start":{"line":14,"column":35},"end":{"line":14,"column":42}}],"line":14},"2":{"loc":{"start":{"line":17,"column":4},"end":{"line":19,"column":5}},"type":"if","locations":[{"start":{"line":17,"column":4},"end":{"line":19,"column":5}},{"start":{},"end":{}}],"line":17},"3":{"loc":{"start":{"line":26,"column":12},"end":{"line":26,"column":22}},"type":"binary-expr","locations":[{"start":{"line":26,"column":12},"end":{"line":26,"column":16}},{"start":{"line":26,"column":20},"end":{"line":26,"column":22}}],"line":26},"4":{"loc":{"start":{"line":27,"column":12},"end":{"line":27,"column":30}},"type":"binary-expr","locations":[{"start":{"line":27,"column":12},"end":{"line":27,"column":16}},{"start":{"line":27,"column":20},"end":{"line":27,"column":30}}],"line":27},"5":{"loc":{"start":{"line":52,"column":4},"end":{"line":60,"column":5}},"type":"if","locations":[{"start":{"line":52,"column":4},"end":{"line":60,"column":5}},{"start":{},"end":{}}],"line":52},"6":{"loc":{"start":{"line":52,"column":8},"end":{"line":52,"column":28}},"type":"binary-expr","locations":[{"start":{"line":52,"column":8},"end":{"line":52,"column":17}},{"start":{"line":52,"column":21},"end":{"line":52,"column":28}}],"line":52},"7":{"loc":{"start":{"line":54,"column":6},"end":{"line":54,"column":59}},"type":"if","locations":[{"start":{"line":54,"column":6},"end":{"line":54,"column":59}},{"start":{},"end":{}}],"line":54},"8":{"loc":{"start":{"line":55,"column":6},"end":{"line":59,"column":7}},"type":"if","locations":[{"start":{"line":55,"column":6},"end":{"line":59,"column":7}},{"start":{},"end":{}}],"line":55},"9":{"loc":{"start":{"line":72,"column":4},"end":{"line":74,"column":5}},"type":"if","locations":[{"start":{"line":72,"column":4},"end":{"line":74,"column":5}},{"start":{},"end":{}}],"line":72},"10":{"loc":{"start":{"line":72,"column":8},"end":{"line":72,"column":46}},"type":"binary-expr","locations":[{"start":{"line":72,"column":8},"end":{"line":72,"column":14}},{"start":{"line":72,"column":18},"end":{"line":72,"column":46}}],"line":72}},"s":{"0":8,"1":8,"2":8,"3":8,"4":8,"5":8,"6":8,"7":8,"8":8,"9":22,"10":22,"11":22,"12":0,"13":22,"14":0,"15":22,"16":22,"17":22,"18":22,"19":22,"20":0,"21":8,"22":1,"23":1,"24":1,"25":1,"26":1,"27":1,"28":1,"29":1,"30":1,"31":1,"32":1,"33":1,"34":1,"35":0,"36":8,"37":1,"38":1,"39":1,"40":0,"41":1,"42":1,"43":1,"44":1,"45":1,"46":1,"47":1,"48":1,"49":0,"50":8},"f":{"0":22,"1":1,"2":1},"b":{"0":[0,22],"1":[22,22,22],"2":[0,22],"3":[22,22],"4":[22,22],"5":[1,0],"6":[1,0],"7":[1,0],"8":[1,0],"9":[0,1],"10":[1,1]},"_coverageSchema":"1a1c01bbd47fc00a2c39e90264f33305004495a9","hash":"31f0d7b66c0ee16f34a5e966cc71c9fdef6b453e"}
,"/Users/yihang/LearnQuest/server/src/routes/redemptions.js": {"path":"/Users/yihang/LearnQuest/server/src/routes/redemptions.js","statementMap":{"0":{"start":{"line":1,"column":15},"end":{"line":1,"column":42}},"1":{"start":{"line":2,"column":17},"end":{"line":2,"column":36}},"2":{"start":{"line":3,"column":19},"end":{"line":3,"column":50}},"3":{"start":{"line":4,"column":15},"end":{"line":4,"column":42}},"4":{"start":{"line":5,"column":13},"end":{"line":5,"column":42}},"5":{"start":{"line":6,"column":15},"end":{"line":6,"column":46}},"6":{"start":{"line":7,"column":43},"end":{"line":7,"column":77}},"7":{"start":{"line":8,"column":27},"end":{"line":8,"column":57}},"8":{"start":{"line":10,"column":0},"end":{"line":49,"column":3}},"9":{"start":{"line":11,"column":2},"end":{"line":48,"column":3}},"10":{"start":{"line":12,"column":25},"end":{"line":12,"column":33}},"11":{"start":{"line":14,"column":4},"end":{"line":16,"column":5}},"12":{"start":{"line":15,"column":6},"end":{"line":15,"column":82}},"13":{"start":{"line":18,"column":19},"end":{"line":18,"column":98}},"14":{"start":{"line":19,"column":4},"end":{"line":21,"column":5}},"15":{"start":{"line":20,"column":6},"end":{"line":20,"column":74}},"16":{"start":{"line":23,"column":24},"end":{"line":23,"column":65}},"17":{"start":{"line":24,"column":19},"end":{"line":24,"column":65}},"18":{"start":{"line":25,"column":4},"end":{"line":27,"column":5}},"19":{"start":{"line":26,"column":6},"end":{"line":26,"column":80}},"20":{"start":{"line":29,"column":23},"end":{"line":34,"column":6}},"21":{"start":{"line":35,"column":4},"end":{"line":35,"column":28}},"22":{"start":{"line":37,"column":4},"end":{"line":43,"column":7}},"23":{"start":{"line":45,"column":4},"end":{"line":45,"column":46}},"24":{"start":{"line":47,"column":4},"end":{"line":47,"column":75}},"25":{"start":{"line":51,"column":0},"end":{"line":63,"column":3}},"26":{"start":{"line":52,"column":2},"end":{"line":62,"column":3}},"27":{"start":{"line":53,"column":18},"end":{"line":53,"column":44}},"28":{"start":{"line":54,"column":4},"end":{"line":56,"column":5}},"29":{"start":{"line":55,"column":6},"end":{"line":55,"column":38}},"30":{"start":{"line":58,"column":24},"end":{"line":58,"column":76}},"31":{"start":{"line":59,"column":4},"end":{"line":59,"column":35}},"32":{"start":{"line":61,"column":4},"end":{"line":61,"column":79}},"33":{"start":{"line":65,"column":0},"end":{"line":87,"column":3}},"34":{"start":{"line":66,"column":2},"end":{"line":86,"column":3}},"35":{"start":{"line":67,"column":23},"end":{"line":71,"column":6}},"36":{"start":{"line":73,"column":4},"end":{"line":75,"column":5}},"37":{"start":{"line":74,"column":6},"end":{"line":74,"column":86}},"38":{"start":{"line":77,"column":20},"end":{"line":81,"column":5}},"39":{"start":{"line":83,"column":4},"end":{"line":83,"column":31}},"40":{"start":{"line":85,"column":4},"end":{"line":85,"column":80}},"41":{"start":{"line":89,"column":0},"end":{"line":89,"column":24}}},"fnMap":{"0":{"name":"(anonymous_0)","decl":{"start":{"line":10,"column":23},"end":{"line":10,"column":24}},"loc":{"start":{"line":10,"column":43},"end":{"line":49,"column":1}},"line":10},"1":{"name":"(anonymous_1)","decl":{"start":{"line":51,"column":22},"end":{"line":51,"column":23}},"loc":{"start":{"line":51,"column":42},"end":{"line":63,"column":1}},"line":51},"2":{"name":"(anonymous_2)","decl":{"start":{"line":65,"column":41},"end":{"line":65,"column":42}},"loc":{"start":{"line":65,"column":61},"end":{"line":87,"column":1}},"line":65}},"branchMap":{"0":{"loc":{"start":{"line":14,"column":4},"end":{"line":16,"column":5}},"type":"if","locations":[{"start":{"line":14,"column":4},"end":{"line":16,"column":5}},{"start":{},"end":{}}],"line":14},"1":{"loc":{"start":{"line":19,"column":4},"end":{"line":21,"column":5}},"type":"if","locations":[{"start":{"line":19,"column":4},"end":{"line":21,"column":5}},{"start":{},"end":{}}],"line":19},"2":{"loc":{"start":{"line":25,"column":4},"end":{"line":27,"column":5}},"type":"if","locations":[{"start":{"line":25,"column":4},"end":{"line":27,"column":5}},{"start":{},"end":{}}],"line":25},"3":{"loc":{"start":{"line":54,"column":4},"end":{"line":56,"column":5}},"type":"if","locations":[{"start":{"line":54,"column":4},"end":{"line":56,"column":5}},{"start":{},"end":{}}],"line":54},"4":{"loc":{"start":{"line":73,"column":4},"end":{"line":75,"column":5}},"type":"if","locations":[{"start":{"line":73,"column":4},"end":{"line":75,"column":5}},{"start":{},"end":{}}],"line":73}},"s":{"0":8,"1":8,"2":8,"3":8,"4":8,"5":8,"6":8,"7":8,"8":8,"9":4,"10":4,"11":4,"12":0,"13":4,"14":4,"15":0,"16":4,"17":4,"18":4,"19":1,"20":3,"21":3,"22":3,"23":3,"24":0,"25":8,"26":1,"27":1,"28":1,"29":1,"30":1,"31":1,"32":0,"33":8,"34":1,"35":1,"36":1,"37":0,"38":1,"39":1,"40":0,"41":8},"f":{"0":4,"1":1,"2":1},"b":{"0":[0,4],"1":[0,4],"2":[1,3],"3":[1,0],"4":[0,1]},"_coverageSchema":"1a1c01bbd47fc00a2c39e90264f33305004495a9","hash":"414028a2e1cf77915a6e714f5388cd1b178a7226"}
,"/Users/yihang/LearnQuest/server/src/routes/rewards.js": {"path":"/Users/yihang/LearnQuest/server/src/routes/rewards.js","statementMap":{"0":{"start":{"line":1,"column":15},"end":{"line":1,"column":42}},"1":{"start":{"line":2,"column":15},"end":{"line":2,"column":42}},"2":{"start":{"line":3,"column":13},"end":{"line":3,"column":42}},"3":{"start":{"line":4,"column":15},"end":{"line":4,"column":46}},"4":{"start":{"line":5,"column":27},"end":{"line":5,"column":57}},"5":{"start":{"line":7,"column":0},"end":{"line":14,"column":3}},"6":{"start":{"line":8,"column":2},"end":{"line":13,"column":3}},"7":{"start":{"line":9,"column":20},"end":{"line":9,"column":81}},"8":{"start":{"line":10,"column":4},"end":{"line":10,"column":31}},"9":{"start":{"line":12,"column":4},"end":{"line":12,"column":75}},"10":{"start":{"line":16,"column":0},"end":{"line":39,"column":3}},"11":{"start":{"line":17,"column":2},"end":{"line":38,"column":3}},"12":{"start":{"line":18,"column":33},"end":{"line":18,"column":41}},"13":{"start":{"line":20,"column":4},"end":{"line":22,"column":5}},"14":{"start":{"line":21,"column":6},"end":{"line":21,"column":85}},"15":{"start":{"line":23,"column":4},"end":{"line":25,"column":5}},"16":{"start":{"line":24,"column":6},"end":{"line":24,"column":85}},"17":{"start":{"line":27,"column":19},"end":{"line":32,"column":6}},"18":{"start":{"line":33,"column":4},"end":{"line":33,"column":24}},"19":{"start":{"line":35,"column":4},"end":{"line":35,"column":42}},"20":{"start":{"line":37,"column":4},"end":{"line":37,"column":75}},"21":{"start":{"line":41,"column":0},"end":{"line":66,"column":3}},"22":{"start":{"line":42,"column":2},"end":{"line":65,"column":3}},"23":{"start":{"line":43,"column":43},"end":{"line":43,"column":51}},"24":{"start":{"line":45,"column":19},"end":{"line":45,"column":87}},"25":{"start":{"line":46,"column":4},"end":{"line":48,"column":5}},"26":{"start":{"line":47,"column":6},"end":{"line":47,"column":74}},"27":{"start":{"line":50,"column":20},"end":{"line":50,"column":22}},"28":{"start":{"line":51,"column":4},"end":{"line":51,"column":55}},"29":{"start":{"line":51,"column":28},"end":{"line":51,"column":55}},"30":{"start":{"line":52,"column":4},"end":{"line":52,"column":48}},"31":{"start":{"line":52,"column":28},"end":{"line":52,"column":48}},"32":{"start":{"line":53,"column":4},"end":{"line":53,"column":48}},"33":{"start":{"line":53,"column":28},"end":{"line":53,"column":48}},"34":{"start":{"line":54,"column":4},"end":{"line":54,"column":60}},"35":{"start":{"line":54,"column":32},"end":{"line":54,"column":60}},"36":{"start":{"line":56,"column":20},"end":{"line":60,"column":5}},"37":{"start":{"line":62,"column":4},"end":{"line":62,"column":31}},"38":{"start":{"line":64,"column":4},"end":{"line":64,"column":75}},"39":{"start":{"line":68,"column":0},"end":{"line":80,"column":3}},"40":{"start":{"line":69,"column":2},"end":{"line":79,"column":3}},"41":{"start":{"line":70,"column":19},"end":{"line":70,"column":87}},"42":{"start":{"line":71,"column":4},"end":{"line":73,"column":5}},"43":{"start":{"line":72,"column":6},"end":{"line":72,"column":74}},"44":{"start":{"line":75,"column":4},"end":{"line":75,"column":50}},"45":{"start":{"line":76,"column":4},"end":{"line":76,"column":41}},"46":{"start":{"line":78,"column":4},"end":{"line":78,"column":75}},"47":{"start":{"line":82,"column":0},"end":{"line":82,"column":24}}},"fnMap":{"0":{"name":"(anonymous_0)","decl":{"start":{"line":7,"column":22},"end":{"line":7,"column":23}},"loc":{"start":{"line":7,"column":42},"end":{"line":14,"column":1}},"line":7},"1":{"name":"(anonymous_1)","decl":{"start":{"line":16,"column":31},"end":{"line":16,"column":32}},"loc":{"start":{"line":16,"column":51},"end":{"line":39,"column":1}},"line":16},"2":{"name":"(anonymous_2)","decl":{"start":{"line":41,"column":33},"end":{"line":41,"column":34}},"loc":{"start":{"line":41,"column":53},"end":{"line":66,"column":1}},"line":41},"3":{"name":"(anonymous_3)","decl":{"start":{"line":68,"column":36},"end":{"line":68,"column":37}},"loc":{"start":{"line":68,"column":56},"end":{"line":80,"column":1}},"line":68}},"branchMap":{"0":{"loc":{"start":{"line":20,"column":4},"end":{"line":22,"column":5}},"type":"if","locations":[{"start":{"line":20,"column":4},"end":{"line":22,"column":5}},{"start":{},"end":{}}],"line":20},"1":{"loc":{"start":{"line":20,"column":8},"end":{"line":20,"column":29}},"type":"binary-expr","locations":[{"start":{"line":20,"column":8},"end":{"line":20,"column":13}},{"start":{"line":20,"column":17},"end":{"line":20,"column":29}}],"line":20},"2":{"loc":{"start":{"line":23,"column":4},"end":{"line":25,"column":5}},"type":"if","locations":[{"start":{"line":23,"column":4},"end":{"line":25,"column":5}},{"start":{},"end":{}}],"line":23},"3":{"loc":{"start":{"line":23,"column":8},"end":{"line":23,"column":25}},"type":"binary-expr","locations":[{"start":{"line":23,"column":8},"end":{"line":23,"column":13}},{"start":{"line":23,"column":17},"end":{"line":23,"column":25}}],"line":23},"4":{"loc":{"start":{"line":31,"column":12},"end":{"line":31,"column":22}},"type":"binary-expr","locations":[{"start":{"line":31,"column":12},"end":{"line":31,"column":16}},{"start":{"line":31,"column":20},"end":{"line":31,"column":22}}],"line":31},"5":{"loc":{"start":{"line":46,"column":4},"end":{"line":48,"column":5}},"type":"if","locations":[{"start":{"line":46,"column":4},"end":{"line":48,"column":5}},{"start":{},"end":{}}],"line":46},"6":{"loc":{"start":{"line":51,"column":4},"end":{"line":51,"column":55}},"type":"if","locations":[{"start":{"line":51,"column":4},"end":{"line":51,"column":55}},{"start":{},"end":{}}],"line":51},"7":{"loc":{"start":{"line":52,"column":4},"end":{"line":52,"column":48}},"type":"if","locations":[{"start":{"line":52,"column":4},"end":{"line":52,"column":48}},{"start":{},"end":{}}],"line":52},"8":{"loc":{"start":{"line":53,"column":4},"end":{"line":53,"column":48}},"type":"if","locations":[{"start":{"line":53,"column":4},"end":{"line":53,"column":48}},{"start":{},"end":{}}],"line":53},"9":{"loc":{"start":{"line":54,"column":4},"end":{"line":54,"column":60}},"type":"if","locations":[{"start":{"line":54,"column":4},"end":{"line":54,"column":60}},{"start":{},"end":{}}],"line":54},"10":{"loc":{"start":{"line":71,"column":4},"end":{"line":73,"column":5}},"type":"if","locations":[{"start":{"line":71,"column":4},"end":{"line":73,"column":5}},{"start":{},"end":{}}],"line":71}},"s":{"0":8,"1":8,"2":8,"3":8,"4":8,"5":8,"6":1,"7":1,"8":1,"9":0,"10":8,"11":10,"12":10,"13":10,"14":0,"15":10,"16":0,"17":10,"18":10,"19":10,"20":0,"21":8,"22":1,"23":1,"24":1,"25":1,"26":0,"27":1,"28":1,"29":1,"30":1,"31":1,"32":1,"33":0,"34":1,"35":0,"36":1,"37":1,"38":0,"39":8,"40":1,"41":1,"42":1,"43":0,"44":1,"45":1,"46":0,"47":8},"f":{"0":1,"1":10,"2":1,"3":1},"b":{"0":[0,10],"1":[10,10],"2":[0,10],"3":[10,10],"4":[10,3],"5":[0,1],"6":[1,0],"7":[1,0],"8":[0,1],"9":[0,1],"10":[0,1]},"_coverageSchema":"1a1c01bbd47fc00a2c39e90264f33305004495a9","hash":"d010b832bd7601ac7a9811705e088c15baacee5f"}
,"/Users/yihang/LearnQuest/server/src/routes/stats.js": {"path":"/Users/yihang/LearnQuest/server/src/routes/stats.js","statementMap":{"0":{"start":{"line":1,"column":15},"end":{"line":1,"column":42}},"1":{"start":{"line":2,"column":17},"end":{"line":2,"column":36}},"2":{"start":{"line":3,"column":13},"end":{"line":3,"column":42}},"3":{"start":{"line":4,"column":23},"end":{"line":4,"column":57}},"4":{"start":{"line":5,"column":15},"end":{"line":5,"column":42}},"5":{"start":{"line":6,"column":24},"end":{"line":6,"column":60}},"6":{"start":{"line":7,"column":27},"end":{"line":7,"column":57}},"7":{"start":{"line":9,"column":0},"end":{"line":16,"column":3}},"8":{"start":{"line":10,"column":2},"end":{"line":15,"column":3}},"9":{"start":{"line":11,"column":20},"end":{"line":11,"column":79}},"10":{"start":{"line":12,"column":4},"end":{"line":12,"column":35}},"11":{"start":{"line":14,"column":4},"end":{"line":14,"column":75}},"12":{"start":{"line":18,"column":0},"end":{"line":66,"column":3}},"13":{"start":{"line":19,"column":2},"end":{"line":65,"column":3}},"14":{"start":{"line":20,"column":24},"end":{"line":20,"column":65}},"15":{"start":{"line":22,"column":25},"end":{"line":22,"column":80}},"16":{"start":{"line":24,"column":25},"end":{"line":27,"column":6}},"17":{"start":{"line":28,"column":29},"end":{"line":28,"column":80}},"18":{"start":{"line":30,"column":29},"end":{"line":56,"column":6}},"19":{"start":{"line":58,"column":4},"end":{"line":62,"column":8}},"20":{"start":{"line":64,"column":4},"end":{"line":64,"column":73}},"21":{"start":{"line":68,"column":0},"end":{"line":68,"column":24}}},"fnMap":{"0":{"name":"(anonymous_0)","decl":{"start":{"line":9,"column":35},"end":{"line":9,"column":36}},"loc":{"start":{"line":9,"column":55},"end":{"line":16,"column":1}},"line":9},"1":{"name":"(anonymous_1)","decl":{"start":{"line":18,"column":27},"end":{"line":18,"column":28}},"loc":{"start":{"line":18,"column":47},"end":{"line":66,"column":1}},"line":18}},"branchMap":{"0":{"loc":{"start":{"line":28,"column":29},"end":{"line":28,"column":80}},"type":"cond-expr","locations":[{"start":{"line":28,"column":55},"end":{"line":28,"column":76}},{"start":{"line":28,"column":79},"end":{"line":28,"column":80}}],"line":28}},"s":{"0":8,"1":8,"2":8,"3":8,"4":8,"5":8,"6":8,"7":8,"8":4,"9":4,"10":4,"11":0,"12":8,"13":2,"14":2,"15":2,"16":2,"17":2,"18":2,"19":2,"20":0,"21":8},"f":{"0":4,"1":2},"b":{"0":[1,1]},"_coverageSchema":"1a1c01bbd47fc00a2c39e90264f33305004495a9","hash":"102850c9ade23cb0c83efeb13816f8292f687c0f"}
,"/Users/yihang/LearnQuest/server/src/routes/subjects.js": {"path":"/Users/yihang/LearnQuest/server/src/routes/subjects.js","statementMap":{"0":{"start":{"line":1,"column":15},"end":{"line":1,"column":42}},"1":{"start":{"line":2,"column":16},"end":{"line":2,"column":44}},"2":{"start":{"line":3,"column":13},"end":{"line":3,"column":42}},"3":{"start":{"line":4,"column":15},"end":{"line":4,"column":46}},"4":{"start":{"line":5,"column":27},"end":{"line":5,"column":57}},"5":{"start":{"line":7,"column":25},"end":{"line":29,"column":1}},"6":{"start":{"line":31,"column":23},"end":{"line":41,"column":1}},"7":{"start":{"line":32,"column":16},"end":{"line":32,"column":58}},"8":{"start":{"line":33,"column":2},"end":{"line":40,"column":3}},"9":{"start":{"line":34,"column":21},"end":{"line":38,"column":7}},"10":{"start":{"line":34,"column":50},"end":{"line":38,"column":5}},"11":{"start":{"line":39,"column":4},"end":{"line":39,"column":39}},"12":{"start":{"line":43,"column":0},"end":{"line":51,"column":3}},"13":{"start":{"line":44,"column":2},"end":{"line":50,"column":3}},"14":{"start":{"line":45,"column":4},"end":{"line":45,"column":39}},"15":{"start":{"line":46,"column":21},"end":{"line":46,"column":80}},"16":{"start":{"line":47,"column":4},"end":{"line":47,"column":32}},"17":{"start":{"line":49,"column":4},"end":{"line":49,"column":76}},"18":{"start":{"line":53,"column":0},"end":{"line":73,"column":3}},"19":{"start":{"line":54,"column":2},"end":{"line":72,"column":3}},"20":{"start":{"line":55,"column":42},"end":{"line":55,"column":50}},"21":{"start":{"line":57,"column":4},"end":{"line":59,"column":5}},"22":{"start":{"line":58,"column":6},"end":{"line":58,"column":86}},"23":{"start":{"line":61,"column":20},"end":{"line":66,"column":6}},"24":{"start":{"line":67,"column":4},"end":{"line":67,"column":25}},"25":{"start":{"line":69,"column":4},"end":{"line":69,"column":43}},"26":{"start":{"line":71,"column":4},"end":{"line":71,"column":76}},"27":{"start":{"line":75,"column":0},"end":{"line":99,"column":3}},"28":{"start":{"line":76,"column":2},"end":{"line":98,"column":3}},"29":{"start":{"line":77,"column":42},"end":{"line":77,"column":50}},"30":{"start":{"line":79,"column":20},"end":{"line":79,"column":89}},"31":{"start":{"line":80,"column":4},"end":{"line":82,"column":5}},"32":{"start":{"line":81,"column":6},"end":{"line":81,"column":75}},"33":{"start":{"line":84,"column":20},"end":{"line":84,"column":22}},"34":{"start":{"line":85,"column":4},"end":{"line":85,"column":55}},"35":{"start":{"line":85,"column":28},"end":{"line":85,"column":55}},"36":{"start":{"line":86,"column":4},"end":{"line":86,"column":48}},"37":{"start":{"line":86,"column":28},"end":{"line":86,"column":48}},"38":{"start":{"line":87,"column":4},"end":{"line":87,"column":75}},"39":{"start":{"line":87,"column":37},"end":{"line":87,"column":75}},"40":{"start":{"line":89,"column":20},"end":{"line":93,"column":5}},"41":{"start":{"line":95,"column":4},"end":{"line":95,"column":31}},"42":{"start":{"line":97,"column":4},"end":{"line":97,"column":76}},"43":{"start":{"line":101,"column":0},"end":{"line":113,"column":3}},"44":{"start":{"line":102,"column":2},"end":{"line":112,"column":3}},"45":{"start":{"line":103,"column":20},"end":{"line":103,"column":89}},"46":{"start":{"line":104,"column":4},"end":{"line":106,"column":5}},"47":{"start":{"line":105,"column":6},"end":{"line":105,"column":75}},"48":{"start":{"line":108,"column":4},"end":{"line":108,"column":51}},"49":{"start":{"line":109,"column":4},"end":{"line":109,"column":41}},"50":{"start":{"line":111,"column":4},"end":{"line":111,"column":76}},"51":{"start":{"line":115,"column":0},"end":{"line":115,"column":24}}},"fnMap":{"0":{"name":"(anonymous_0)","decl":{"start":{"line":31,"column":23},"end":{"line":31,"column":24}},"loc":{"start":{"line":31,"column":43},"end":{"line":41,"column":1}},"line":31},"1":{"name":"(anonymous_1)","decl":{"start":{"line":34,"column":42},"end":{"line":34,"column":43}},"loc":{"start":{"line":34,"column":50},"end":{"line":38,"column":5}},"line":34},"2":{"name":"(anonymous_2)","decl":{"start":{"line":43,"column":22},"end":{"line":43,"column":23}},"loc":{"start":{"line":43,"column":42},"end":{"line":51,"column":1}},"line":43},"3":{"name":"(anonymous_3)","decl":{"start":{"line":53,"column":31},"end":{"line":53,"column":32}},"loc":{"start":{"line":53,"column":51},"end":{"line":73,"column":1}},"line":53},"4":{"name":"(anonymous_4)","decl":{"start":{"line":75,"column":33},"end":{"line":75,"column":34}},"loc":{"start":{"line":75,"column":53},"end":{"line":99,"column":1}},"line":75},"5":{"name":"(anonymous_5)","decl":{"start":{"line":101,"column":36},"end":{"line":101,"column":37}},"loc":{"start":{"line":101,"column":56},"end":{"line":113,"column":1}},"line":101}},"branchMap":{"0":{"loc":{"start":{"line":33,"column":2},"end":{"line":40,"column":3}},"type":"if","locations":[{"start":{"line":33,"column":2},"end":{"line":40,"column":3}},{"start":{},"end":{}}],"line":33},"1":{"loc":{"start":{"line":57,"column":4},"end":{"line":59,"column":5}},"type":"if","locations":[{"start":{"line":57,"column":4},"end":{"line":59,"column":5}},{"start":{},"end":{}}],"line":57},"2":{"loc":{"start":{"line":57,"column":8},"end":{"line":57,"column":29}},"type":"binary-expr","locations":[{"start":{"line":57,"column":8},"end":{"line":57,"column":13}},{"start":{"line":57,"column":17},"end":{"line":57,"column":29}}],"line":57},"3":{"loc":{"start":{"line":64,"column":12},"end":{"line":64,"column":22}},"type":"binary-expr","locations":[{"start":{"line":64,"column":12},"end":{"line":64,"column":16}},{"start":{"line":64,"column":20},"end":{"line":64,"column":22}}],"line":64},"4":{"loc":{"start":{"line":65,"column":21},"end":{"line":65,"column":40}},"type":"binary-expr","locations":[{"start":{"line":65,"column":21},"end":{"line":65,"column":34}},{"start":{"line":65,"column":38},"end":{"line":65,"column":40}}],"line":65},"5":{"loc":{"start":{"line":80,"column":4},"end":{"line":82,"column":5}},"type":"if","locations":[{"start":{"line":80,"column":4},"end":{"line":82,"column":5}},{"start":{},"end":{}}],"line":80},"6":{"loc":{"start":{"line":85,"column":4},"end":{"line":85,"column":55}},"type":"if","locations":[{"start":{"line":85,"column":4},"end":{"line":85,"column":55}},{"start":{},"end":{}}],"line":85},"7":{"loc":{"start":{"line":86,"column":4},"end":{"line":86,"column":48}},"type":"if","locations":[{"start":{"line":86,"column":4},"end":{"line":86,"column":48}},{"start":{},"end":{}}],"line":86},"8":{"loc":{"start":{"line":87,"column":4},"end":{"line":87,"column":75}},"type":"if","locations":[{"start":{"line":87,"column":4},"end":{"line":87,"column":75}},{"start":{},"end":{}}],"line":87},"9":{"loc":{"start":{"line":104,"column":4},"end":{"line":106,"column":5}},"type":"if","locations":[{"start":{"line":104,"column":4},"end":{"line":106,"column":5}},{"start":{},"end":{}}],"line":104}},"s":{"0":8,"1":8,"2":8,"3":8,"4":8,"5":8,"6":8,"7":16,"8":16,"9":16,"10":48,"11":16,"12":8,"13":16,"14":16,"15":16,"16":16,"17":0,"18":8,"19":3,"20":3,"21":3,"22":0,"23":3,"24":3,"25":3,"26":0,"27":8,"28":1,"29":1,"30":1,"31":1,"32":0,"33":1,"34":1,"35":1,"36":1,"37":0,"38":1,"39":1,"40":1,"41":1,"42":0,"43":8,"44":1,"45":1,"46":1,"47":0,"48":1,"49":1,"50":0,"51":8},"f":{"0":16,"1":48,"2":16,"3":3,"4":1,"5":1},"b":{"0":[16,0],"1":[0,3],"2":[3,3],"3":[3,0],"4":[3,2],"5":[0,1],"6":[1,0],"7":[0,1],"8":[1,0],"9":[0,1]},"_coverageSchema":"1a1c01bbd47fc00a2c39e90264f33305004495a9","hash":"b8c1de9d98bfdf508e9cbbb2e4be1a577b09474a"}
,"/Users/yihang/LearnQuest/server/src/services/achievementService.js": {"path":"/Users/yihang/LearnQuest/server/src/services/achievementService.js","statementMap":{"0":{"start":{"line":1,"column":17},"end":{"line":1,"column":36}},"1":{"start":{"line":2,"column":20},"end":{"line":2,"column":52}},"2":{"start":{"line":3,"column":26},"end":{"line":3,"column":64}},"3":{"start":{"line":4,"column":15},"end":{"line":4,"column":42}},"4":{"start":{"line":5,"column":12},"end":{"line":5,"column":36}},"5":{"start":{"line":6,"column":16},"end":{"line":6,"column":44}},"6":{"start":{"line":8,"column":26},"end":{"line":49,"column":1}},"7":{"start":{"line":9,"column":22},"end":{"line":9,"column":59}},"8":{"start":{"line":10,"column":23},"end":{"line":10,"column":49}},"9":{"start":{"line":11,"column":24},"end":{"line":11,"column":26}},"10":{"start":{"line":13,"column":2},"end":{"line":46,"column":3}},"11":{"start":{"line":14,"column":13},"end":{"line":17,"column":6}},"12":{"start":{"line":19,"column":4},"end":{"line":19,"column":38}},"13":{"start":{"line":19,"column":29},"end":{"line":19,"column":38}},"14":{"start":{"line":21,"column":21},"end":{"line":21,"column":70}},"15":{"start":{"line":23,"column":4},"end":{"line":32,"column":5}},"16":{"start":{"line":24,"column":6},"end":{"line":29,"column":9}},"17":{"start":{"line":31,"column":6},"end":{"line":31,"column":29}},"18":{"start":{"line":34,"column":4},"end":{"line":43,"column":5}},"19":{"start":{"line":35,"column":6},"end":{"line":35,"column":27}},"20":{"start":{"line":36,"column":6},"end":{"line":36,"column":33}},"21":{"start":{"line":37,"column":6},"end":{"line":42,"column":9}},"22":{"start":{"line":45,"column":4},"end":{"line":45,"column":20}},"23":{"start":{"line":48,"column":2},"end":{"line":48,"column":23}},"24":{"start":{"line":51,"column":26},"end":{"line":85,"column":1}},"25":{"start":{"line":52,"column":42},"end":{"line":52,"column":63}},"26":{"start":{"line":54,"column":2},"end":{"line":84,"column":3}},"27":{"start":{"line":56,"column":20},"end":{"line":56,"column":32}},"28":{"start":{"line":57,"column":6},"end":{"line":61,"column":7}},"29":{"start":{"line":58,"column":24},"end":{"line":58,"column":80}},"30":{"start":{"line":59,"column":8},"end":{"line":59,"column":31}},"31":{"start":{"line":59,"column":22},"end":{"line":59,"column":31}},"32":{"start":{"line":60,"column":8},"end":{"line":60,"column":38}},"33":{"start":{"line":62,"column":6},"end":{"line":62,"column":42}},"34":{"start":{"line":66,"column":6},"end":{"line":66,"column":39}},"35":{"start":{"line":70,"column":21},"end":{"line":70,"column":72}},"36":{"start":{"line":71,"column":6},"end":{"line":71,"column":39}},"37":{"start":{"line":75,"column":6},"end":{"line":75,"column":46}},"38":{"start":{"line":79,"column":6},"end":{"line":79,"column":64}},"39":{"start":{"line":83,"column":6},"end":{"line":83,"column":15}},"40":{"start":{"line":87,"column":24},"end":{"line":118,"column":1}},"41":{"start":{"line":88,"column":18},"end":{"line":96,"column":4}},"42":{"start":{"line":98,"column":2},"end":{"line":98,"column":37}},"43":{"start":{"line":98,"column":28},"end":{"line":98,"column":37}},"44":{"start":{"line":100,"column":15},"end":{"line":100,"column":16}},"45":{"start":{"line":101,"column":16},"end":{"line":101,"column":26}},"46":{"start":{"line":102,"column":2},"end":{"line":102,"column":29}},"47":{"start":{"line":103,"column":16},"end":{"line":103,"column":41}},"48":{"start":{"line":103,"column":35},"end":{"line":103,"column":40}},"49":{"start":{"line":105,"column":2},"end":{"line":115,"column":3}},"50":{"start":{"line":105,"column":15},"end":{"line":105,"column":16}},"51":{"start":{"line":106,"column":21},"end":{"line":106,"column":36}},"52":{"start":{"line":107,"column":4},"end":{"line":107,"column":45}},"53":{"start":{"line":108,"column":24},"end":{"line":108,"column":60}},"54":{"start":{"line":110,"column":4},"end":{"line":114,"column":5}},"55":{"start":{"line":111,"column":6},"end":{"line":111,"column":15}},"56":{"start":{"line":113,"column":6},"end":{"line":113,"column":12}},"57":{"start":{"line":117,"column":2},"end":{"line":117,"column":16}},"58":{"start":{"line":120,"column":33},"end":{"line":135,"column":1}},"59":{"start":{"line":121,"column":19},"end":{"line":121,"column":51}},"60":{"start":{"line":122,"column":2},"end":{"line":122,"column":42}},"61":{"start":{"line":122,"column":29},"end":{"line":122,"column":42}},"62":{"start":{"line":124,"column":18},"end":{"line":124,"column":28}},"63":{"start":{"line":125,"column":2},"end":{"line":125,"column":41}},"64":{"start":{"line":127,"column":21},"end":{"line":127,"column":47}},"65":{"start":{"line":127,"column":41},"end":{"line":127,"column":46}},"66":{"start":{"line":128,"column":26},"end":{"line":132,"column":4}},"67":{"start":{"line":134,"column":2},"end":{"line":134,"column":53}},"68":{"start":{"line":137,"column":36},"end":{"line":158,"column":1}},"69":{"start":{"line":138,"column":22},"end":{"line":138,"column":59}},"70":{"start":{"line":139,"column":23},"end":{"line":139,"column":49}},"71":{"start":{"line":140,"column":29},"end":{"line":140,"column":84}},"72":{"start":{"line":141,"column":16},"end":{"line":141,"column":90}},"73":{"start":{"line":141,"column":55},"end":{"line":141,"column":88}},"74":{"start":{"line":143,"column":2},"end":{"line":157,"column":5}},"75":{"start":{"line":144,"column":15},"end":{"line":144,"column":42}},"76":{"start":{"line":145,"column":4},"end":{"line":156,"column":6}},"77":{"start":{"line":160,"column":0},"end":{"line":160,"column":68}}},"fnMap":{"0":{"name":"(anonymous_0)","decl":{"start":{"line":8,"column":26},"end":{"line":8,"column":27}},"loc":{"start":{"line":8,"column":46},"end":{"line":49,"column":1}},"line":8},"1":{"name":"(anonymous_1)","decl":{"start":{"line":51,"column":26},"end":{"line":51,"column":27}},"loc":{"start":{"line":51,"column":59},"end":{"line":85,"column":1}},"line":51},"2":{"name":"(anonymous_2)","decl":{"start":{"line":87,"column":24},"end":{"line":87,"column":25}},"loc":{"start":{"line":87,"column":44},"end":{"line":118,"column":1}},"line":87},"3":{"name":"(anonymous_3)","decl":{"start":{"line":103,"column":28},"end":{"line":103,"column":29}},"loc":{"start":{"line":103,"column":35},"end":{"line":103,"column":40}},"line":103},"4":{"name":"(anonymous_4)","decl":{"start":{"line":120,"column":33},"end":{"line":120,"column":34}},"loc":{"start":{"line":120,"column":53},"end":{"line":135,"column":1}},"line":120},"5":{"name":"(anonymous_5)","decl":{"start":{"line":127,"column":34},"end":{"line":127,"column":35}},"loc":{"start":{"line":127,"column":41},"end":{"line":127,"column":46}},"line":127},"6":{"name":"(anonymous_6)","decl":{"start":{"line":137,"column":36},"end":{"line":137,"column":37}},"loc":{"start":{"line":137,"column":56},"end":{"line":158,"column":1}},"line":137},"7":{"name":"(anonymous_7)","decl":{"start":{"line":141,"column":47},"end":{"line":141,"column":48}},"loc":{"start":{"line":141,"column":55},"end":{"line":141,"column":88}},"line":141},"8":{"name":"(anonymous_8)","decl":{"start":{"line":143,"column":26},"end":{"line":143,"column":27}},"loc":{"start":{"line":143,"column":33},"end":{"line":157,"column":3}},"line":143}},"branchMap":{"0":{"loc":{"start":{"line":19,"column":4},"end":{"line":19,"column":38}},"type":"if","locations":[{"start":{"line":19,"column":4},"end":{"line":19,"column":38}},{"start":{},"end":{}}],"line":19},"1":{"loc":{"start":{"line":19,"column":8},"end":{"line":19,"column":27}},"type":"binary-expr","locations":[{"start":{"line":19,"column":8},"end":{"line":19,"column":10}},{"start":{"line":19,"column":14},"end":{"line":19,"column":27}}],"line":19},"2":{"loc":{"start":{"line":23,"column":4},"end":{"line":32,"column":5}},"type":"if","locations":[{"start":{"line":23,"column":4},"end":{"line":32,"column":5}},{"start":{"line":30,"column":11},"end":{"line":32,"column":5}}],"line":23},"3":{"loc":{"start":{"line":34,"column":4},"end":{"line":43,"column":5}},"type":"if","locations":[{"start":{"line":34,"column":4},"end":{"line":43,"column":5}},{"start":{},"end":{}}],"line":34},"4":{"loc":{"start":{"line":41,"column":24},"end":{"line":41,"column":58}},"type":"binary-expr","locations":[{"start":{"line":41,"column":24},"end":{"line":41,"column":50}},{"start":{"line":41,"column":54},"end":{"line":41,"column":58}}],"line":41},"5":{"loc":{"start":{"line":54,"column":2},"end":{"line":84,"column":3}},"type":"switch","locations":[{"start":{"line":55,"column":4},"end":{"line":63,"column":5}},{"start":{"line":65,"column":4},"end":{"line":67,"column":5}},{"start":{"line":69,"column":4},"end":{"line":72,"column":5}},{"start":{"line":74,"column":4},"end":{"line":76,"column":5}},{"start":{"line":78,"column":4},"end":{"line":80,"column":5}},{"start":{"line":82,"column":4},"end":{"line":83,"column":15}}],"line":54},"6":{"loc":{"start":{"line":57,"column":6},"end":{"line":61,"column":7}},"type":"if","locations":[{"start":{"line":57,"column":6},"end":{"line":61,"column":7}},{"start":{},"end":{}}],"line":57},"7":{"loc":{"start":{"line":59,"column":8},"end":{"line":59,"column":31}},"type":"if","locations":[{"start":{"line":59,"column":8},"end":{"line":59,"column":31}},{"start":{},"end":{}}],"line":59},"8":{"loc":{"start":{"line":71,"column":13},"end":{"line":71,"column":38}},"type":"cond-expr","locations":[{"start":{"line":71,"column":22},"end":{"line":71,"column":34}},{"start":{"line":71,"column":37},"end":{"line":71,"column":38}}],"line":71},"9":{"loc":{"start":{"line":79,"column":13},"end":{"line":79,"column":63}},"type":"cond-expr","locations":[{"start":{"line":79,"column":58},"end":{"line":79,"column":59}},{"start":{"line":79,"column":62},"end":{"line":79,"column":63}}],"line":79},"10":{"loc":{"start":{"line":98,"column":2},"end":{"line":98,"column":37}},"type":"if","locations":[{"start":{"line":98,"column":2},"end":{"line":98,"column":37}},{"start":{},"end":{}}],"line":98},"11":{"loc":{"start":{"line":110,"column":4},"end":{"line":114,"column":5}},"type":"if","locations":[{"start":{"line":110,"column":4},"end":{"line":114,"column":5}},{"start":{"line":112,"column":11},"end":{"line":114,"column":5}}],"line":110},"12":{"loc":{"start":{"line":122,"column":2},"end":{"line":122,"column":42}},"type":"if","locations":[{"start":{"line":122,"column":2},"end":{"line":122,"column":42}},{"start":{},"end":{}}],"line":122},"13":{"loc":{"start":{"line":148,"column":13},"end":{"line":148,"column":68}},"type":"cond-expr","locations":[{"start":{"line":148,"column":53},"end":{"line":148,"column":58}},{"start":{"line":148,"column":61},"end":{"line":148,"column":68}}],"line":148},"14":{"loc":{"start":{"line":148,"column":13},"end":{"line":148,"column":50}},"type":"binary-expr","locations":[{"start":{"line":148,"column":13},"end":{"line":148,"column":23}},{"start":{"line":148,"column":28},"end":{"line":148,"column":31}},{"start":{"line":148,"column":35},"end":{"line":148,"column":49}}],"line":148},"15":{"loc":{"start":{"line":149,"column":19},"end":{"line":149,"column":81}},"type":"cond-expr","locations":[{"start":{"line":149,"column":59},"end":{"line":149,"column":65}},{"start":{"line":149,"column":68},"end":{"line":149,"column":81}}],"line":149},"16":{"loc":{"start":{"line":149,"column":19},"end":{"line":149,"column":56}},"type":"binary-expr","locations":[{"start":{"line":149,"column":19},"end":{"line":149,"column":29}},{"start":{"line":149,"column":34},"end":{"line":149,"column":37}},{"start":{"line":149,"column":41},"end":{"line":149,"column":55}}],"line":149},"17":{"loc":{"start":{"line":150,"column":12},"end":{"line":150,"column":64}},"type":"cond-expr","locations":[{"start":{"line":150,"column":52},"end":{"line":150,"column":55}},{"start":{"line":150,"column":58},"end":{"line":150,"column":64}}],"line":150},"18":{"loc":{"start":{"line":150,"column":12},"end":{"line":150,"column":49}},"type":"binary-expr","locations":[{"start":{"line":150,"column":12},"end":{"line":150,"column":22}},{"start":{"line":150,"column":27},"end":{"line":150,"column":30}},{"start":{"line":150,"column":34},"end":{"line":150,"column":48}}],"line":150},"19":{"loc":{"start":{"line":152,"column":18},"end":{"line":152,"column":44}},"type":"cond-expr","locations":[{"start":{"line":152,"column":23},"end":{"line":152,"column":36}},{"start":{"line":152,"column":39},"end":{"line":152,"column":44}}],"line":152},"20":{"loc":{"start":{"line":153,"column":16},"end":{"line":153,"column":36}},"type":"cond-expr","locations":[{"start":{"line":153,"column":21},"end":{"line":153,"column":32}},{"start":{"line":153,"column":35},"end":{"line":153,"column":36}}],"line":153},"21":{"loc":{"start":{"line":155,"column":18},"end":{"line":155,"column":43}},"type":"cond-expr","locations":[{"start":{"line":155,"column":23},"end":{"line":155,"column":36}},{"start":{"line":155,"column":39},"end":{"line":155,"column":43}}],"line":155}},"s":{"0":8,"1":8,"2":8,"3":8,"4":8,"5":8,"6":8,"7":22,"8":22,"9":22,"10":22,"11":16,"12":16,"13":2,"14":14,"15":14,"16":8,"17":6,"18":14,"19":2,"20":2,"21":2,"22":14,"23":22,"24":8,"25":14,"26":14,"27":6,"28":6,"29":0,"30":0,"31":0,"32":0,"33":6,"34":4,"35":0,"36":0,"37":4,"38":0,"39":0,"40":8,"41":4,"42":4,"43":0,"44":4,"45":4,"46":4,"47":4,"48":4,"49":4,"50":4,"51":4,"52":4,"53":4,"54":4,"55":0,"56":4,"57":4,"58":8,"59":0,"60":0,"61":0,"62":0,"63":0,"64":0,"65":0,"66":0,"67":0,"68":8,"69":3,"70":3,"71":3,"72":3,"73":8,"74":3,"75":12,"76":12,"77":8},"f":{"0":22,"1":14,"2":4,"3":4,"4":0,"5":0,"6":3,"7":8,"8":12},"b":{"0":[2,14],"1":[16,8],"2":[8,6],"3":[2,12],"4":[2,2],"5":[6,4,0,4,0,0],"6":[0,6],"7":[0,0],"8":[0,0],"9":[0,0],"10":[0,4],"11":[0,4],"12":[0,0],"13":[3,9],"14":[12,3,2],"15":[3,9],"16":[12,3,2],"17":[3,9],"18":[12,3,2],"19":[8,4],"20":[8,4],"21":[8,4]},"_coverageSchema":"1a1c01bbd47fc00a2c39e90264f33305004495a9","hash":"8d956bda5ac13d87cddec96620b3ba19e33a8f3b"}
,"/Users/yihang/LearnQuest/server/src/services/petService.js": {"path":"/Users/yihang/LearnQuest/server/src/services/petService.js","statementMap":{"0":{"start":{"line":1,"column":12},"end":{"line":1,"column":36}},"1":{"start":{"line":2,"column":67},"end":{"line":2,"column":92}},"2":{"start":{"line":4,"column":16},"end":{"line":22,"column":1}},"3":{"start":{"line":5,"column":17},"end":{"line":5,"column":35}},"4":{"start":{"line":6,"column":19},"end":{"line":6,"column":41}},"5":{"start":{"line":8,"column":18},"end":{"line":19,"column":3}},"6":{"start":{"line":21,"column":2},"end":{"line":21,"column":59}},"7":{"start":{"line":24,"column":20},"end":{"line":32,"column":1}},"8":{"start":{"line":25,"column":17},"end":{"line":25,"column":27}},"9":{"start":{"line":26,"column":2},"end":{"line":26,"column":55}},"10":{"start":{"line":28,"column":2},"end":{"line":31,"column":4}},"11":{"start":{"line":34,"column":0},"end":{"line":34,"column":53}}},"fnMap":{"0":{"name":"(anonymous_0)","decl":{"start":{"line":4,"column":16},"end":{"line":4,"column":17}},"loc":{"start":{"line":4,"column":31},"end":{"line":22,"column":1}},"line":4},"1":{"name":"(anonymous_1)","decl":{"start":{"line":24,"column":20},"end":{"line":24,"column":21}},"loc":{"start":{"line":24,"column":40},"end":{"line":32,"column":1}},"line":24}},"branchMap":{},"s":{"0":8,"1":8,"2":8,"3":1,"4":1,"5":1,"6":1,"7":8,"8":1,"9":1,"10":1,"11":8},"f":{"0":1,"1":1},"b":{},"_coverageSchema":"1a1c01bbd47fc00a2c39e90264f33305004495a9","hash":"5a2bbdbef11bd9aa259d69e6eb6f2c910e27b6a3"}
,"/Users/yihang/LearnQuest/server/src/services/starService.js": {"path":"/Users/yihang/LearnQuest/server/src/services/starService.js","statementMap":{"0":{"start":{"line":1,"column":24},"end":{"line":1,"column":60}},"1":{"start":{"line":3,"column":19},"end":{"line":9,"column":1}},"2":{"start":{"line":4,"column":17},"end":{"line":7,"column":4}},"3":{"start":{"line":8,"column":2},"end":{"line":8,"column":49}},"4":{"start":{"line":11,"column":23},"end":{"line":15,"column":1}},"5":{"start":{"line":12,"column":13},"end":{"line":12,"column":86}},"6":{"start":{"line":13,"column":2},"end":{"line":13,"column":18}},"7":{"start":{"line":14,"column":2},"end":{"line":14,"column":12}},"8":{"start":{"line":17,"column":23},"end":{"line":20,"column":1}},"9":{"start":{"line":18,"column":18},"end":{"line":18,"column":44}},"10":{"start":{"line":19,"column":2},"end":{"line":19,"column":25}},"11":{"start":{"line":22,"column":0},"end":{"line":22,"column":64}}},"fnMap":{"0":{"name":"(anonymous_0)","decl":{"start":{"line":3,"column":19},"end":{"line":3,"column":20}},"loc":{"start":{"line":3,"column":39},"end":{"line":9,"column":1}},"line":3},"1":{"name":"(anonymous_1)","decl":{"start":{"line":11,"column":23},"end":{"line":11,"column":24}},"loc":{"start":{"line":11,"column":87},"end":{"line":15,"column":1}},"line":11},"2":{"name":"(anonymous_2)","decl":{"start":{"line":17,"column":23},"end":{"line":17,"column":24}},"loc":{"start":{"line":17,"column":49},"end":{"line":20,"column":1}},"line":17}},"branchMap":{"0":{"loc":{"start":{"line":8,"column":9},"end":{"line":8,"column":48}},"type":"cond-expr","locations":[{"start":{"line":8,"column":29},"end":{"line":8,"column":44}},{"start":{"line":8,"column":47},"end":{"line":8,"column":48}}],"line":8}},"s":{"0":8,"1":8,"2":10,"3":10,"4":8,"5":26,"6":26,"7":26,"8":8,"9":6,"10":6,"11":8},"f":{"0":10,"1":26,"2":6},"b":{"0":[8,2]},"_coverageSchema":"1a1c01bbd47fc00a2c39e90264f33305004495a9","hash":"1167e668f7164771a660b79564f7a52d9d8b6b61"}
,"/Users/yihang/LearnQuest/server/tests/helpers.js": {"path":"/Users/yihang/LearnQuest/server/tests/helpers.js","statementMap":{"0":{"start":{"line":1,"column":16},"end":{"line":1,"column":36}},"1":{"start":{"line":2,"column":12},"end":{"line":2,"column":33}},"2":{"start":{"line":4,"column":21},"end":{"line":9,"column":1}},"3":{"start":{"line":5,"column":14},"end":{"line":7,"column":24}},"4":{"start":{"line":8,"column":2},"end":{"line":8,"column":23}},"5":{"start":{"line":11,"column":20},"end":{"line":16,"column":1}},"6":{"start":{"line":12,"column":14},"end":{"line":14,"column":23}},"7":{"start":{"line":15,"column":2},"end":{"line":15,"column":29}},"8":{"start":{"line":18,"column":23},"end":{"line":24,"column":1}},"9":{"start":{"line":19,"column":14},"end":{"line":22,"column":18}},"10":{"start":{"line":23,"column":2},"end":{"line":23,"column":29}},"11":{"start":{"line":26,"column":22},"end":{"line":28,"column":1}},"12":{"start":{"line":27,"column":2},"end":{"line":27,"column":76}},"13":{"start":{"line":30,"column":0},"end":{"line":30,"column":78}}},"fnMap":{"0":{"name":"(anonymous_0)","decl":{"start":{"line":4,"column":21},"end":{"line":4,"column":22}},"loc":{"start":{"line":4,"column":67},"end":{"line":9,"column":1}},"line":4},"1":{"name":"(anonymous_1)","decl":{"start":{"line":11,"column":20},"end":{"line":11,"column":21}},"loc":{"start":{"line":11,"column":40},"end":{"line":16,"column":1}},"line":11},"2":{"name":"(anonymous_2)","decl":{"start":{"line":18,"column":23},"end":{"line":18,"column":24}},"loc":{"start":{"line":18,"column":54},"end":{"line":24,"column":1}},"line":18},"3":{"name":"(anonymous_3)","decl":{"start":{"line":26,"column":22},"end":{"line":26,"column":23}},"loc":{"start":{"line":26,"column":47},"end":{"line":28,"column":1}},"line":26}},"branchMap":{"0":{"loc":{"start":{"line":4,"column":28},"end":{"line":4,"column":48}},"type":"default-arg","locations":[{"start":{"line":4,"column":35},"end":{"line":4,"column":48}}],"line":4},"1":{"loc":{"start":{"line":4,"column":50},"end":{"line":4,"column":62}},"type":"default-arg","locations":[{"start":{"line":4,"column":56},"end":{"line":4,"column":62}}],"line":4},"2":{"loc":{"start":{"line":18,"column":37},"end":{"line":18,"column":49}},"type":"default-arg","locations":[{"start":{"line":18,"column":43},"end":{"line":18,"column":49}}],"line":18}},"s":{"0":7,"1":7,"2":7,"3":31,"4":31,"5":7,"6":31,"7":31,"8":7,"9":31,"10":31,"11":7,"12":87,"13":7},"f":{"0":31,"1":31,"2":31,"3":87},"b":{"0":[31],"1":[31],"2":[31]},"_coverageSchema":"1a1c01bbd47fc00a2c39e90264f33305004495a9","hash":"ce66418f77d3018191a43165a6dabc08cd319570"}
}
