TN:
SF:src/app.js
FN:28,(anonymous_0)
FNF:1
FNH:0
FNDA:0,(anonymous_0)
DA:1,8
DA:2,8
DA:4,8
DA:5,8
DA:6,8
DA:7,8
DA:8,8
DA:9,8
DA:10,8
DA:11,8
DA:12,8
DA:14,8
DA:16,8
DA:17,8
DA:19,8
DA:20,8
DA:21,8
DA:22,8
DA:23,8
DA:24,8
DA:25,8
DA:26,8
DA:28,8
DA:29,0
DA:30,0
DA:33,8
LF:26
LH:24
BRF:0
BRH:0
end_of_record
TN:
SF:src/config/pets.js
FN:39,(anonymous_0)
FNF:1
FNH:1
FNDA:1,(anonymous_0)
DA:1,8
DA:29,8
DA:30,8
DA:32,8
DA:37,8
DA:39,8
DA:40,1
DA:41,1
DA:42,1
DA:43,0
DA:45,1
DA:48,1
DA:51,8
DA:53,8
LF:14
LH:13
BRDA:42,0,0,0
BRDA:42,0,1,1
BRF:2
BRH:1
end_of_record
TN:
SF:src/helpers/response.js
FN:1,(anonymous_0)
FN:7,(anonymous_1)
FNF:2
FNH:2
FNDA:182,(anonymous_0)
FNDA:10,(anonymous_1)
DA:1,182
DA:7,10
DA:13,8
LF:3
LH:3
BRF:0
BRH:0
end_of_record
TN:
SF:src/middleware/auth.js
FN:6,(anonymous_0)
FNF:1
FNH:1
FNDA:120,(anonymous_0)
DA:1,8
DA:2,8
DA:4,8
DA:6,8
DA:7,120
DA:8,120
DA:9,0
DA:12,120
DA:13,120
DA:14,120
DA:15,120
DA:16,120
DA:17,120
DA:19,0
DA:23,8
LF:15
LH:13
BRDA:4,0,0,8
BRDA:4,0,1,8
BRDA:8,1,0,0
BRDA:8,1,1,120
BRDA:8,2,0,120
BRDA:8,2,1,120
BRDA:16,3,0,120
BRDA:16,3,1,79
BRF:8
BRH:7
end_of_record
TN:
SF:src/middleware/parent.js
FN:3,(anonymous_0)
FNF:1
FNH:1
FNDA:43,(anonymous_0)
DA:1,8
DA:3,8
DA:4,43
DA:5,3
DA:7,40
DA:10,8
LF:6
LH:6
BRDA:4,0,0,3
BRDA:4,0,1,40
BRF:2
BRH:2
end_of_record
TN:
SF:src/models/Achievement.js
FNF:0
FNH:0
DA:1,8
DA:3,8
DA:25,8
LF:3
LH:3
BRF:0
BRH:0
end_of_record
TN:
SF:src/models/Family.js
FN:10,(anonymous_0)
FN:31,(anonymous_1)
FN:37,(anonymous_2)
FNF:3
FNH:3
FNDA:35,(anonymous_0)
FNDA:35,(anonymous_1)
FNDA:33,(anonymous_2)
DA:1,8
DA:2,8
DA:3,8
DA:5,8
DA:10,35
DA:31,8
DA:32,35
DA:33,35
DA:37,8
DA:38,33
DA:41,8
LF:11
LH:11
BRDA:32,0,0,35
BRDA:32,0,1,0
BRF:2
BRH:1
end_of_record
TN:
SF:src/models/FamilyAchievement.js
FNF:0
FNH:0
DA:1,8
DA:3,8
DA:19,8
DA:21,8
LF:4
LH:4
BRF:0
BRH:0
end_of_record
TN:
SF:src/models/Pet.js
FNF:0
FNH:0
DA:1,8
DA:3,8
DA:20,8
LF:3
LH:3
BRF:0
BRH:0
end_of_record
TN:
SF:src/models/Record.js
FNF:0
FNH:0
DA:1,8
DA:3,8
DA:38,8
DA:40,8
LF:4
LH:4
BRF:0
BRH:0
end_of_record
TN:
SF:src/models/Redemption.js
FNF:0
FNH:0
DA:1,8
DA:3,8
DA:26,8
LF:3
LH:3
BRF:0
BRH:0
end_of_record
TN:
SF:src/models/Reward.js
FNF:0
FNH:0
DA:1,8
DA:3,8
DA:17,8
LF:3
LH:3
BRF:0
BRH:0
end_of_record
TN:
SF:src/models/StarTransaction.js
FNF:0
FNH:0
DA:1,8
DA:3,8
DA:32,8
LF:3
LH:3
BRF:0
BRH:0
end_of_record
TN:
SF:src/models/Subject.js
FNF:0
FNH:0
DA:1,8
DA:3,8
DA:8,8
DA:34,8
DA:36,8
LF:5
LH:5
BRF:0
BRH:0
end_of_record
TN:
SF:src/routes/achievements.js
FN:6,(anonymous_0)
FNF:1
FNH:1
FNDA:3,(anonymous_0)
DA:1,8
DA:2,8
DA:3,8
DA:4,8
DA:6,8
DA:7,3
DA:8,3
DA:9,3
DA:11,0
DA:15,8
LF:10
LH:9
BRF:0
BRH:0
end_of_record
TN:
SF:src/routes/family.js
FN:9,(anonymous_0)
FN:32,(anonymous_1)
FN:57,(anonymous_2)
FNF:3
FNH:3
FNDA:37,(anonymous_0)
FNDA:35,(anonymous_1)
FNDA:33,(anonymous_2)
DA:1,8
DA:2,8
DA:3,8
DA:4,8
DA:5,8
DA:7,8
DA:9,8
DA:10,37
DA:11,37
DA:13,37
DA:14,1
DA:16,36
DA:17,1
DA:20,35
DA:21,35
DA:23,35
DA:28,0
DA:32,8
DA:33,35
DA:34,35
DA:36,35
DA:37,0
DA:40,35
DA:41,35
DA:42,1
DA:45,34
DA:51,34
DA:53,0
DA:57,8
DA:58,33
DA:59,33
DA:61,33
DA:62,0
DA:65,33
DA:66,33
DA:67,0
DA:70,33
DA:71,33
DA:72,1
DA:75,32
DA:81,32
DA:83,0
DA:87,8
LF:43
LH:37
BRDA:7,0,0,8
BRDA:7,0,1,8
BRDA:13,1,0,1
BRDA:13,1,1,36
BRDA:13,2,0,37
BRDA:13,2,1,36
BRDA:16,3,0,1
BRDA:16,3,1,35
BRDA:16,4,0,36
BRDA:16,4,1,36
BRDA:36,5,0,0
BRDA:36,5,1,35
BRDA:41,6,0,1
BRDA:41,6,1,34
BRDA:61,7,0,0
BRDA:61,7,1,33
BRDA:66,8,0,0
BRDA:66,8,1,33
BRDA:71,9,0,1
BRDA:71,9,1,32
BRF:20
BRH:17
end_of_record
TN:
SF:src/routes/pets.js
FN:11,(anonymous_0)
FN:15,(anonymous_1)
FN:17,(anonymous_2)
FN:29,(anonymous_3)
FN:63,(anonymous_4)
FN:92,(anonymous_5)
FN:140,(anonymous_6)
FNF:7
FNH:6
FNDA:1,(anonymous_0)
FNDA:0,(anonymous_1)
FNDA:5,(anonymous_2)
FNDA:6,(anonymous_3)
FNDA:2,(anonymous_4)
FNDA:1,(anonymous_5)
FNDA:1,(anonymous_6)
DA:1,8
DA:2,8
DA:3,8
DA:4,8
DA:5,8
DA:6,8
DA:7,8
DA:8,8
DA:9,8
DA:11,8
DA:12,1
DA:13,1
DA:14,1
DA:15,1
DA:17,5
DA:23,1
DA:25,0
DA:29,8
DA:30,6
DA:31,6
DA:33,6
DA:34,6
DA:35,1
DA:38,5
DA:39,5
DA:40,0
DA:43,5
DA:44,0
DA:47,5
DA:53,5
DA:55,5
DA:57,5
DA:59,0
DA:63,8
DA:64,2
DA:65,2
DA:66,2
DA:67,0
DA:70,2
DA:71,2
DA:72,2
DA:73,1
DA:76,1
DA:84,1
DA:86,1
DA:88,0
DA:92,8
DA:93,1
DA:94,1
DA:96,1
DA:97,1
DA:98,0
DA:101,1
DA:102,1
DA:103,0
DA:106,1
DA:107,0
DA:110,1
DA:111,0
DA:112,0
DA:113,0
DA:114,0
DA:117,0
DA:126,1
DA:132,1
DA:134,1
DA:136,0
DA:140,8
DA:141,1
DA:142,1
DA:143,1
DA:144,0
DA:147,1
DA:148,1
DA:154,1
DA:156,0
DA:160,8
LF:77
LH:60
BRDA:34,0,0,1
BRDA:34,0,1,5
BRDA:39,1,0,0
BRDA:39,1,1,5
BRDA:39,2,0,5
BRDA:39,2,1,5
BRDA:43,3,0,0
BRDA:43,3,1,5
BRDA:43,4,0,5
BRDA:43,4,1,5
BRDA:66,5,0,0
BRDA:66,5,1,2
BRDA:72,6,0,1
BRDA:72,6,1,1
BRDA:97,7,0,0
BRDA:97,7,1,1
BRDA:102,8,0,0
BRDA:102,8,1,1
BRDA:106,9,0,0
BRDA:106,9,1,1
BRDA:106,10,0,1
BRDA:106,10,1,1
BRDA:110,11,0,0
BRDA:110,11,1,1
BRDA:113,12,0,0
BRDA:113,12,1,0
BRDA:143,13,0,0
BRDA:143,13,1,1
BRF:28
BRH:18
end_of_record
TN:
SF:src/routes/records.js
FN:10,(anonymous_0)
FN:47,(anonymous_1)
FN:69,(anonymous_2)
FNF:3
FNH:3
FNDA:22,(anonymous_0)
FNDA:1,(anonymous_1)
FNDA:1,(anonymous_2)
DA:1,8
DA:2,8
DA:3,8
DA:4,8
DA:5,8
DA:6,8
DA:7,8
DA:8,8
DA:10,8
DA:11,22
DA:12,22
DA:14,22
DA:15,0
DA:17,22
DA:18,0
DA:21,22
DA:29,22
DA:31,22
DA:39,22
DA:41,22
DA:43,0
DA:47,8
DA:48,1
DA:49,1
DA:50,1
DA:52,1
DA:53,1
DA:54,1
DA:55,1
DA:56,1
DA:57,1
DA:58,1
DA:62,1
DA:63,1
DA:65,0
DA:69,8
DA:70,1
DA:71,1
DA:72,1
DA:73,0
DA:76,1
DA:77,1
DA:78,1
DA:80,1
DA:96,1
DA:97,1
DA:98,1
DA:101,1
DA:103,0
DA:107,8
LF:50
LH:44
BRDA:14,0,0,0
BRDA:14,0,1,22
BRDA:14,1,0,22
BRDA:14,1,1,22
BRDA:14,1,2,22
BRDA:17,2,0,0
BRDA:17,2,1,22
BRDA:26,3,0,22
BRDA:26,3,1,22
BRDA:27,4,0,22
BRDA:27,4,1,22
BRDA:52,5,0,1
BRDA:52,5,1,0
BRDA:52,6,0,1
BRDA:52,6,1,0
BRDA:54,7,0,1
BRDA:54,7,1,0
BRDA:55,8,0,1
BRDA:55,8,1,0
BRDA:72,9,0,0
BRDA:72,9,1,1
BRDA:72,10,0,1
BRDA:72,10,1,1
BRF:23
BRH:16
end_of_record
TN:
SF:src/routes/redemptions.js
FN:10,(anonymous_0)
FN:51,(anonymous_1)
FN:65,(anonymous_2)
FNF:3
FNH:3
FNDA:4,(anonymous_0)
FNDA:1,(anonymous_1)
FNDA:1,(anonymous_2)
DA:1,8
DA:2,8
DA:3,8
DA:4,8
DA:5,8
DA:6,8
DA:7,8
DA:8,8
DA:10,8
DA:11,4
DA:12,4
DA:14,4
DA:15,0
DA:18,4
DA:19,4
DA:20,0
DA:23,4
DA:24,4
DA:25,4
DA:26,1
DA:29,3
DA:35,3
DA:37,3
DA:45,3
DA:47,0
DA:51,8
DA:52,1
DA:53,1
DA:54,1
DA:55,1
DA:58,1
DA:59,1
DA:61,0
DA:65,8
DA:66,1
DA:67,1
DA:73,1
DA:74,0
DA:77,1
DA:83,1
DA:85,0
DA:89,8
LF:42
LH:36
BRDA:14,0,0,0
BRDA:14,0,1,4
BRDA:19,1,0,0
BRDA:19,1,1,4
BRDA:25,2,0,1
BRDA:25,2,1,3
BRDA:54,3,0,1
BRDA:54,3,1,0
BRDA:73,4,0,0
BRDA:73,4,1,1
BRF:10
BRH:6
end_of_record
TN:
SF:src/routes/rewards.js
FN:7,(anonymous_0)
FN:16,(anonymous_1)
FN:41,(anonymous_2)
FN:68,(anonymous_3)
FNF:4
FNH:4
FNDA:1,(anonymous_0)
FNDA:10,(anonymous_1)
FNDA:1,(anonymous_2)
FNDA:1,(anonymous_3)
DA:1,8
DA:2,8
DA:3,8
DA:4,8
DA:5,8
DA:7,8
DA:8,1
DA:9,1
DA:10,1
DA:12,0
DA:16,8
DA:17,10
DA:18,10
DA:20,10
DA:21,0
DA:23,10
DA:24,0
DA:27,10
DA:33,10
DA:35,10
DA:37,0
DA:41,8
DA:42,1
DA:43,1
DA:45,1
DA:46,1
DA:47,0
DA:50,1
DA:51,1
DA:52,1
DA:53,1
DA:54,1
DA:56,1
DA:62,1
DA:64,0
DA:68,8
DA:69,1
DA:70,1
DA:71,1
DA:72,0
DA:75,1
DA:76,1
DA:78,0
DA:82,8
LF:44
LH:36
BRDA:20,0,0,0
BRDA:20,0,1,10
BRDA:20,1,0,10
BRDA:20,1,1,10
BRDA:23,2,0,0
BRDA:23,2,1,10
BRDA:23,3,0,10
BRDA:23,3,1,10
BRDA:31,4,0,10
BRDA:31,4,1,3
BRDA:46,5,0,0
BRDA:46,5,1,1
BRDA:51,6,0,1
BRDA:51,6,1,0
BRDA:52,7,0,1
BRDA:52,7,1,0
BRDA:53,8,0,0
BRDA:53,8,1,1
BRDA:54,9,0,0
BRDA:54,9,1,1
BRDA:71,10,0,0
BRDA:71,10,1,1
BRF:22
BRH:14
end_of_record
TN:
SF:src/routes/stats.js
FN:9,(anonymous_0)
FN:18,(anonymous_1)
FNF:2
FNH:2
FNDA:4,(anonymous_0)
FNDA:2,(anonymous_1)
DA:1,8
DA:2,8
DA:3,8
DA:4,8
DA:5,8
DA:6,8
DA:7,8
DA:9,8
DA:10,4
DA:11,4
DA:12,4
DA:14,0
DA:18,8
DA:19,2
DA:20,2
DA:22,2
DA:24,2
DA:28,2
DA:30,2
DA:58,2
DA:64,0
DA:68,8
LF:22
LH:20
BRDA:28,0,0,1
BRDA:28,0,1,1
BRF:2
BRH:2
end_of_record
TN:
SF:src/routes/subjects.js
FN:31,(anonymous_0)
FN:34,(anonymous_1)
FN:43,(anonymous_2)
FN:53,(anonymous_3)
FN:75,(anonymous_4)
FN:101,(anonymous_5)
FNF:6
FNH:6
FNDA:16,(anonymous_0)
FNDA:48,(anonymous_1)
FNDA:16,(anonymous_2)
FNDA:3,(anonymous_3)
FNDA:1,(anonymous_4)
FNDA:1,(anonymous_5)
DA:1,8
DA:2,8
DA:3,8
DA:4,8
DA:5,8
DA:7,8
DA:31,8
DA:32,16
DA:33,16
DA:34,48
DA:39,16
DA:43,8
DA:44,16
DA:45,16
DA:46,16
DA:47,16
DA:49,0
DA:53,8
DA:54,3
DA:55,3
DA:57,3
DA:58,0
DA:61,3
DA:67,3
DA:69,3
DA:71,0
DA:75,8
DA:76,1
DA:77,1
DA:79,1
DA:80,1
DA:81,0
DA:84,1
DA:85,1
DA:86,1
DA:87,1
DA:89,1
DA:95,1
DA:97,0
DA:101,8
DA:102,1
DA:103,1
DA:104,1
DA:105,0
DA:108,1
DA:109,1
DA:111,0
DA:115,8
LF:48
LH:41
BRDA:33,0,0,16
BRDA:33,0,1,0
BRDA:57,1,0,0
BRDA:57,1,1,3
BRDA:57,2,0,3
BRDA:57,2,1,3
BRDA:64,3,0,3
BRDA:64,3,1,0
BRDA:65,4,0,3
BRDA:65,4,1,2
BRDA:80,5,0,0
BRDA:80,5,1,1
BRDA:85,6,0,1
BRDA:85,6,1,0
BRDA:86,7,0,0
BRDA:86,7,1,1
BRDA:87,8,0,1
BRDA:87,8,1,0
BRDA:104,9,0,0
BRDA:104,9,1,1
BRF:20
BRH:12
end_of_record
TN:
SF:src/services/achievementService.js
FN:8,(anonymous_0)
FN:51,(anonymous_1)
FN:87,(anonymous_2)
FN:103,(anonymous_3)
FN:120,(anonymous_4)
FN:127,(anonymous_5)
FN:137,(anonymous_6)
FN:141,(anonymous_7)
FN:143,(anonymous_8)
FNF:9
FNH:7
FNDA:22,(anonymous_0)
FNDA:14,(anonymous_1)
FNDA:4,(anonymous_2)
FNDA:4,(anonymous_3)
FNDA:0,(anonymous_4)
FNDA:0,(anonymous_5)
FNDA:3,(anonymous_6)
FNDA:8,(anonymous_7)
FNDA:12,(anonymous_8)
DA:1,8
DA:2,8
DA:3,8
DA:4,8
DA:5,8
DA:6,8
DA:8,8
DA:9,22
DA:10,22
DA:11,22
DA:13,22
DA:14,16
DA:19,16
DA:21,14
DA:23,14
DA:24,8
DA:31,6
DA:34,14
DA:35,2
DA:36,2
DA:37,2
DA:45,14
DA:48,22
DA:51,8
DA:52,14
DA:54,14
DA:56,6
DA:57,6
DA:58,0
DA:59,0
DA:60,0
DA:62,6
DA:66,4
DA:70,0
DA:71,0
DA:75,4
DA:79,0
DA:83,0
DA:87,8
DA:88,4
DA:98,4
DA:100,4
DA:101,4
DA:102,4
DA:103,4
DA:105,4
DA:106,4
DA:107,4
DA:108,4
DA:110,4
DA:111,0
DA:113,4
DA:117,4
DA:120,8
DA:121,0
DA:122,0
DA:124,0
DA:125,0
DA:127,0
DA:128,0
DA:134,0
DA:137,8
DA:138,3
DA:139,3
DA:140,3
DA:141,8
DA:143,3
DA:144,12
DA:145,12
DA:160,8
LF:70
LH:55
BRDA:19,0,0,2
BRDA:19,0,1,14
BRDA:19,1,0,16
BRDA:19,1,1,8
BRDA:23,2,0,8
BRDA:23,2,1,6
BRDA:34,3,0,2
BRDA:34,3,1,12
BRDA:41,4,0,2
BRDA:41,4,1,2
BRDA:54,5,0,6
BRDA:54,5,1,4
BRDA:54,5,2,0
BRDA:54,5,3,4
BRDA:54,5,4,0
BRDA:54,5,5,0
BRDA:57,6,0,0
BRDA:57,6,1,6
BRDA:59,7,0,0
BRDA:59,7,1,0
BRDA:71,8,0,0
BRDA:71,8,1,0
BRDA:79,9,0,0
BRDA:79,9,1,0
BRDA:98,10,0,0
BRDA:98,10,1,4
BRDA:110,11,0,0
BRDA:110,11,1,4
BRDA:122,12,0,0
BRDA:122,12,1,0
BRDA:148,13,0,3
BRDA:148,13,1,9
BRDA:148,14,0,12
BRDA:148,14,1,3
BRDA:148,14,2,2
BRDA:149,15,0,3
BRDA:149,15,1,9
BRDA:149,16,0,12
BRDA:149,16,1,3
BRDA:149,16,2,2
BRDA:150,17,0,3
BRDA:150,17,1,9
BRDA:150,18,0,12
BRDA:150,18,1,3
BRDA:150,18,2,2
BRDA:152,19,0,8
BRDA:152,19,1,4
BRDA:153,20,0,8
BRDA:153,20,1,4
BRDA:155,21,0,8
BRDA:155,21,1,4
BRF:51
BRH:37
end_of_record
TN:
SF:src/services/petService.js
FN:4,(anonymous_0)
FN:24,(anonymous_1)
FNF:2
FNH:2
FNDA:1,(anonymous_0)
FNDA:1,(anonymous_1)
DA:1,8
DA:2,8
DA:4,8
DA:5,1
DA:6,1
DA:8,1
DA:21,1
DA:24,8
DA:25,1
DA:26,1
DA:28,1
DA:34,8
LF:12
LH:12
BRF:0
BRH:0
end_of_record
TN:
SF:src/services/starService.js
FN:3,(anonymous_0)
FN:11,(anonymous_1)
FN:17,(anonymous_2)
FNF:3
FNH:3
FNDA:10,(anonymous_0)
FNDA:26,(anonymous_1)
FNDA:6,(anonymous_2)
DA:1,8
DA:3,8
DA:4,10
DA:8,10
DA:11,8
DA:12,26
DA:13,26
DA:14,26
DA:17,8
DA:18,6
DA:19,6
DA:22,8
LF:12
LH:12
BRDA:8,0,0,8
BRDA:8,0,1,2
BRF:2
BRH:2
end_of_record
TN:
SF:tests/helpers.js
FN:4,(anonymous_0)
FN:11,(anonymous_1)
FN:18,(anonymous_2)
FN:26,(anonymous_3)
FNF:4
FNH:4
FNDA:31,(anonymous_0)
FNDA:31,(anonymous_1)
FNDA:31,(anonymous_2)
FNDA:87,(anonymous_3)
DA:1,7
DA:2,7
DA:4,7
DA:5,31
DA:8,31
DA:11,7
DA:12,31
DA:15,31
DA:18,7
DA:19,31
DA:23,31
DA:26,7
DA:27,87
DA:30,7
LF:14
LH:14
BRDA:4,0,0,31
BRDA:4,1,0,31
BRDA:18,2,0,31
BRF:3
BRH:3
end_of_record
